75000
deltaT for ch2Amp = ch1Amp>0.2 && ch1Amp<0.35 && ch2Amp > 0.005 && t1gausroot>0 && ch2LinearTime60 - t1gausroot<45 && ch2LinearTime60 - t1gausroot>40 && ch2Amp > 0.008 && ch2Amp < 0.0085
 FCN=42.6568 FROM MIGRAD    STATUS=CONVERGED      78 CALLS          79 TOTAL
                     EDM=6.39958e-07    STRATEGY= 1      ERROR MATRIX ACCURATE 
  EXT PARAMETER                                   STEP         FIRST   
  NO.   NAME      VALUE            ERROR          SIZE      DERIVATIVE 
   1  Constant     4.94158e+00   5.84327e-01   1.26288e-03   2.42031e-03
   2  Mean         4.18235e+01   1.51023e-02   4.41771e-05  -1.39116e-02
   3  Sigma        1.45330e-01   1.88745e-02   8.53314e-05   4.13154e-02
deltaT for ch2Amp = ch1Amp>0.2 && ch1Amp<0.35 && ch2Amp > 0.005 && t1gausroot>0 && ch2LinearTime60 - t1gausroot<45 && ch2LinearTime60 - t1gausroot>40 && ch2Amp > 0.0085 && ch2Amp < 0.009
 FCN=57.7267 FROM MIGRAD    STATUS=CONVERGED      73 CALLS          74 TOTAL
                     EDM=1.45249e-06    STRATEGY= 1      ERROR MATRIX ACCURATE 
  EXT PARAMETER                                   STEP         FIRST   
  NO.   NAME      VALUE            ERROR          SIZE      DERIVATIVE 
   1  Constant     4.06353e+01   1.53361e+00   4.22532e-03   1.16383e-03
   2  Mean         4.18416e+01   4.31320e-03   1.99516e-05  -1.23126e-01
   3  Sigma        1.33640e-01   4.45734e-03   3.19024e-05   1.95622e-01
deltaT for ch2Amp = ch1Amp>0.2 && ch1Amp<0.35 && ch2Amp > 0.005 && t1gausroot>0 && ch2LinearTime60 - t1gausroot<45 && ch2LinearTime60 - t1gausroot>40 && ch2Amp > 0.009 && ch2Amp < 0.0095
 FCN=33.042 FROM MIGRAD    STATUS=CONVERGED      70 CALLS          71 TOTAL
                     EDM=1.33673e-07    STRATEGY= 1      ERROR MATRIX ACCURATE 
  EXT PARAMETER                                   STEP         FIRST   
  NO.   NAME      VALUE            ERROR          SIZE      DERIVATIVE 
   1  Constant     1.10687e+02   2.55731e+00   5.46399e-03   5.48678e-05
   2  Mean         4.18412e+01   2.66607e-03   1.99514e-05  -1.10980e-01
   3  Sigma        1.28885e-01   2.80136e-03   1.70243e-05   6.52150e-02
deltaT for ch2Amp = ch1Amp>0.2 && ch1Amp<0.35 && ch2Amp > 0.005 && t1gausroot>0 && ch2LinearTime60 - t1gausroot<45 && ch2LinearTime60 - t1gausroot>40 && ch2Amp > 0.0095 && ch2Amp < 0.01
 FCN=55.97 FROM MIGRAD    STATUS=CONVERGED      71 CALLS          72 TOTAL
                     EDM=2.7584e-07    STRATEGY= 1      ERROR MATRIX ACCURATE 
  EXT PARAMETER                                   STEP         FIRST   
  NO.   NAME      VALUE            ERROR          SIZE      DERIVATIVE 
   1  Constant     1.30866e+02   2.70433e+00   7.44355e-03  -9.84374e-05
   2  Mean         4.18625e+01   2.54580e-03   1.99616e-05   1.58408e-01
   3  Sigma        1.37571e-01   2.70142e-03   1.98056e-05   6.20123e-02
deltaT for ch2Amp = ch1Amp>0.2 && ch1Amp<0.35 && ch2Amp > 0.005 && t1gausroot>0 && ch2LinearTime60 - t1gausroot<45 && ch2LinearTime60 - t1gausroot>40 && ch2Amp > 0.01 && ch2Amp < 0.0105
 FCN=33.6996 FROM MIGRAD    STATUS=CONVERGED      71 CALLS          72 TOTAL
                     EDM=2.79174e-07    STRATEGY= 1      ERROR MATRIX ACCURATE 
  EXT PARAMETER                                   STEP         FIRST   
  NO.   NAME      VALUE            ERROR          SIZE      DERIVATIVE 
   1  Constant     9.49014e+01   2.25695e+00   4.85800e-03  -6.26643e-05
   2  Mean         4.18320e+01   3.11164e-03   1.99471e-05   2.20340e-01
   3  Sigma        1.43868e-01   3.33803e-03   1.84892e-05   2.62764e-02
deltaT for ch2Amp = ch1Amp>0.2 && ch1Amp<0.35 && ch2Amp > 0.005 && t1gausroot>0 && ch2LinearTime60 - t1gausroot<45 && ch2LinearTime60 - t1gausroot>40 && ch2Amp > 0.0105 && ch2Amp < 0.011
 FCN=34.3226 FROM MIGRAD    STATUS=CONVERGED      73 CALLS          74 TOTAL
                     EDM=1.02124e-06    STRATEGY= 1      ERROR MATRIX ACCURATE 
  EXT PARAMETER                                   STEP         FIRST   
  NO.   NAME      VALUE            ERROR          SIZE      DERIVATIVE 
   1  Constant     1.14547e+02   2.68076e+00   5.71025e-03  -1.83875e-04
   2  Mean         4.17917e+01   3.06727e-03   1.99279e-05   2.45703e-01
   3  Sigma        1.34296e-01   3.69040e-03   2.24871e-05   8.76220e-02
deltaT for ch2Amp = ch1Amp>0.2 && ch1Amp<0.35 && ch2Amp > 0.005 && t1gausroot>0 && ch2LinearTime60 - t1gausroot<45 && ch2LinearTime60 - t1gausroot>40 && ch2Amp > 0.011 && ch2Amp < 0.0115
 FCN=52.9742 FROM MIGRAD    STATUS=CONVERGED      71 CALLS          72 TOTAL
                     EDM=4.15575e-07    STRATEGY= 1      ERROR MATRIX ACCURATE 
  EXT PARAMETER                                   STEP         FIRST   
  NO.   NAME      VALUE            ERROR          SIZE      DERIVATIVE 
   1  Constant     1.71648e+02   3.31011e+00   8.86770e-03  -9.52271e-05
   2  Mean         4.17829e+01   2.22640e-03   1.99236e-05   4.03765e-01
   3  Sigma        1.22778e-01   2.41355e-03   1.95191e-05  -4.92644e-02
deltaT for ch2Amp = ch1Amp>0.2 && ch1Amp<0.35 && ch2Amp > 0.005 && t1gausroot>0 && ch2LinearTime60 - t1gausroot<45 && ch2LinearTime60 - t1gausroot>40 && ch2Amp > 0.0115 && ch2Amp < 0.012
 FCN=46.3244 FROM MIGRAD    STATUS=CONVERGED      71 CALLS          72 TOTAL
                     EDM=1.0948e-06    STRATEGY= 1      ERROR MATRIX ACCURATE 
  EXT PARAMETER                                   STEP         FIRST   
  NO.   NAME      VALUE            ERROR          SIZE      DERIVATIVE 
   1  Constant     1.66322e+02   3.21997e+00   8.13206e-03   5.88553e-04
   2  Mean         4.17824e+01   2.20908e-03   1.99234e-05   8.06589e-02
   3  Sigma        1.23473e-01   2.36808e-03   1.80280e-05   2.29586e-01
deltaT for ch2Amp = ch1Amp>0.2 && ch1Amp<0.35 && ch2Amp > 0.005 && t1gausroot>0 && ch2LinearTime60 - t1gausroot<45 && ch2LinearTime60 - t1gausroot>40 && ch2Amp > 0.012 && ch2Amp < 0.0125
 FCN=78.3257 FROM MIGRAD    STATUS=CONVERGED      72 CALLS          73 TOTAL
                     EDM=6.64062e-07    STRATEGY= 1      ERROR MATRIX ACCURATE 
  EXT PARAMETER                                   STEP         FIRST   
  NO.   NAME      VALUE            ERROR          SIZE      DERIVATIVE 
   1  Constant     1.31179e+02   2.85312e+00   9.32768e-03  -2.22251e-04
   2  Mean         4.17713e+01   2.57422e-03   1.99181e-05   3.22373e-01
   3  Sigma        1.25225e-01   2.77273e-03   2.67457e-05   3.95228e-02
deltaT for ch2Amp = ch1Amp>0.2 && ch1Amp<0.35 && ch2Amp > 0.005 && t1gausroot>0 && ch2LinearTime60 - t1gausroot<45 && ch2LinearTime60 - t1gausroot>40 && ch2Amp > 0.0125 && ch2Amp < 0.013
 FCN=41.7432 FROM MIGRAD    STATUS=CONVERGED      80 CALLS          81 TOTAL
                     EDM=1.02807e-08    STRATEGY= 1      ERROR MATRIX ACCURATE 
  EXT PARAMETER                                   STEP         FIRST   
  NO.   NAME      VALUE            ERROR          SIZE      DERIVATIVE 
   1  Constant     1.21313e+02   2.90038e+00   6.81669e-03  -1.75072e-05
   2  Mean         4.17548e+01   2.76019e-03   1.99102e-05  -1.75333e-02
   3  Sigma        1.20129e-01   3.28741e-03   2.48014e-05   8.78324e-03
deltaT for ch2Amp = ch1Amp>0.2 && ch1Amp<0.35 && ch2Amp > 0.005 && t1gausroot>0 && ch2LinearTime60 - t1gausroot<45 && ch2LinearTime60 - t1gausroot>40 && ch2Amp > 0.013 && ch2Amp < 0.0135
 FCN=61.5608 FROM MIGRAD    STATUS=CONVERGED      79 CALLS          80 TOTAL
                     EDM=2.74972e-08    STRATEGY= 1      ERROR MATRIX ACCURATE 
  EXT PARAMETER                                   STEP         FIRST   
  NO.   NAME      VALUE            ERROR          SIZE      DERIVATIVE 
   1  Constant     1.20313e+02   2.91564e+00   8.34748e-03   3.56678e-05
   2  Mean         4.17382e+01   2.56592e-03   1.99023e-05   6.94895e-02
   3  Sigma        1.13695e-01   2.90478e-03   2.76975e-05   2.10646e-02
deltaT for ch2Amp = ch1Amp>0.2 && ch1Amp<0.35 && ch2Amp > 0.005 && t1gausroot>0 && ch2LinearTime60 - t1gausroot<45 && ch2LinearTime60 - t1gausroot>40 && ch2Amp > 0.0135 && ch2Amp < 0.014
 FCN=84.8147 FROM MIGRAD    STATUS=CONVERGED      80 CALLS          81 TOTAL
                     EDM=3.69817e-09    STRATEGY= 1      ERROR MATRIX ACCURATE 
  EXT PARAMETER                                   STEP         FIRST   
  NO.   NAME      VALUE            ERROR          SIZE      DERIVATIVE 
   1  Constant     1.23461e+02   3.11820e+00   1.03198e-02   1.43912e-05
   2  Mean         4.17275e+01   2.45523e-03   1.98972e-05   1.52701e-02
   3  Sigma        1.05223e-01   2.85804e-03   3.41704e-05   9.85855e-03
deltaT for ch2Amp = ch1Amp>0.2 && ch1Amp<0.35 && ch2Amp > 0.005 && t1gausroot>0 && ch2LinearTime60 - t1gausroot<45 && ch2LinearTime60 - t1gausroot>40 && ch2Amp > 0.014 && ch2Amp < 0.0145
 FCN=104.95 FROM MIGRAD    STATUS=CONVERGED      80 CALLS          81 TOTAL
                     EDM=2.58205e-09    STRATEGY= 1      ERROR MATRIX ACCURATE 
  EXT PARAMETER                                   STEP         FIRST   
  NO.   NAME      VALUE            ERROR          SIZE      DERIVATIVE 
   1  Constant     1.43566e+02   3.54142e+00   1.25320e-02   5.71590e-06
   2  Mean         4.17075e+01   2.21446e-03   1.98877e-05  -5.12653e-03
   3  Sigma        1.02109e-01   2.74117e-03   3.56519e-05   8.21996e-03
deltaT for ch2Amp = ch1Amp>0.2 && ch1Amp<0.35 && ch2Amp > 0.005 && t1gausroot>0 && ch2LinearTime60 - t1gausroot<45 && ch2LinearTime60 - t1gausroot>40 && ch2Amp > 0.0145 && ch2Amp < 0.015
 FCN=91.4885 FROM MIGRAD    STATUS=CONVERGED      82 CALLS          83 TOTAL
                     EDM=5.81265e-10    STRATEGY= 1      ERROR MATRIX ACCURATE 
  EXT PARAMETER                                   STEP         FIRST   
  NO.   NAME      VALUE            ERROR          SIZE      DERIVATIVE 
   1  Constant     1.56553e+02   3.64862e+00   1.24379e-02  -1.21842e-05
   2  Mean         4.17022e+01   2.08252e-03   1.98852e-05  -8.39231e-04
   3  Sigma        9.85672e-02   2.41572e-03   3.12448e-05  -2.14040e-03
deltaT for ch2Amp = ch1Amp>0.2 && ch1Amp<0.35 && ch2Amp > 0.005 && t1gausroot>0 && ch2LinearTime60 - t1gausroot<45 && ch2LinearTime60 - t1gausroot>40 && ch2Amp > 0.015 && ch2Amp < 0.0155
 FCN=69.2207 FROM MIGRAD    STATUS=CONVERGED      79 CALLS          80 TOTAL
                     EDM=6.02378e-08    STRATEGY= 1      ERROR MATRIX ACCURATE 
  EXT PARAMETER                                   STEP         FIRST   
  NO.   NAME      VALUE            ERROR          SIZE      DERIVATIVE 
   1  Constant     1.41122e+02   3.55327e+00   1.05092e-02   6.17834e-05
   2  Mean         4.16998e+01   2.16086e-03   1.98840e-05   1.01558e-01
   3  Sigma        9.46100e-02   2.56146e-03   3.01627e-05   3.87976e-02
deltaT for ch2Amp = ch1Amp>0.2 && ch1Amp<0.35 && ch2Amp > 0.005 && t1gausroot>0 && ch2LinearTime60 - t1gausroot<45 && ch2LinearTime60 - t1gausroot>40 && ch2Amp > 0.0155 && ch2Amp < 0.016
 FCN=62.19 FROM MIGRAD    STATUS=CONVERGED      81 CALLS          82 TOTAL
                     EDM=1.71226e-07    STRATEGY= 1      ERROR MATRIX ACCURATE 
  EXT PARAMETER                                   STEP         FIRST   
  NO.   NAME      VALUE            ERROR          SIZE      DERIVATIVE 
   1  Constant     7.80865e+01   2.71209e+00   7.36364e-03  -1.79046e-04
   2  Mean         4.17060e+01   3.05107e-03   1.98870e-05   4.15778e-02
   3  Sigma        9.72346e-02   3.91815e-03   4.12729e-05   7.89425e-03
deltaT for ch2Amp = ch1Amp>0.2 && ch1Amp<0.35 && ch2Amp > 0.005 && t1gausroot>0 && ch2LinearTime60 - t1gausroot<45 && ch2LinearTime60 - t1gausroot>40 && ch2Amp > 0.016 && ch2Amp < 0.0165
 FCN=42.6668 FROM MIGRAD    STATUS=CONVERGED      81 CALLS          82 TOTAL
                     EDM=4.82682e-07    STRATEGY= 1      ERROR MATRIX ACCURATE 
  EXT PARAMETER                                   STEP         FIRST   
  NO.   NAME      VALUE            ERROR          SIZE      DERIVATIVE 
   1  Constant     3.29465e+01   1.90465e+00   4.10642e-03   5.09725e-04
   2  Mean         4.16973e+01   4.10336e-03   1.98828e-05   1.84728e-01
   3  Sigma        8.72166e-02   5.24986e-03   4.67254e-05   3.54087e-02
deltaT for ch2Amp = ch1Amp>0.2 && ch1Amp<0.35 && ch2Amp > 0.005 && t1gausroot>0 && ch2LinearTime60 - t1gausroot<45 && ch2LinearTime60 - t1gausroot>40 && ch2Amp > 0.0165 && ch2Amp < 0.017
 FCN=37.4503 FROM MIGRAD    STATUS=CONVERGED      78 CALLS          79 TOTAL
                     EDM=3.27484e-08    STRATEGY= 1      ERROR MATRIX ACCURATE 
  EXT PARAMETER                                   STEP         FIRST   
  NO.   NAME      VALUE            ERROR          SIZE      DERIVATIVE 
   1  Constant     1.34744e+01   1.28836e+00   2.69882e-03  -6.12664e-05
   2  Mean         4.16967e+01   5.35705e-03   1.98825e-05   3.73650e-02
   3  Sigma        7.10781e-02   6.25358e-03   6.24948e-05  -7.37686e-03
deltaT for ch2Amp = ch1Amp>0.2 && ch1Amp<0.35 && ch2Amp > 0.005 && t1gausroot>0 && ch2LinearTime60 - t1gausroot<45 && ch2LinearTime60 - t1gausroot>40 && ch2Amp > 0.017 && ch2Amp < 0.0175
 FCN=10.2367 FROM MIGRAD    STATUS=CONVERGED      97 CALLS          98 TOTAL
                     EDM=2.94012e-07    STRATEGY= 1      ERROR MATRIX ACCURATE 
  EXT PARAMETER                                   STEP         FIRST   
  NO.   NAME      VALUE            ERROR          SIZE      DERIVATIVE 
   1  Constant     2.17534e+00   4.94775e-01   5.50915e-04  -1.05535e-03
   2  Mean         4.17055e+01   2.44152e-02   3.98845e-05  -7.77261e-03
   3  Sigma        9.96152e-02   4.12862e-02   2.02093e-04   1.49670e-03
deltaT for ch2Amp = ch1Amp>0.2 && ch1Amp<0.35 && ch2Amp > 0.005 && t1gausroot>0 && ch2LinearTime60 - t1gausroot<45 && ch2LinearTime60 - t1gausroot>40 && ch2Amp > 0.0175 && ch2Amp < 0.018
 FCN=0.865306 FROM MIGRAD    STATUS=CONVERGED     190 CALLS         191 TOTAL
                     EDM=3.20118e-07    STRATEGY= 1      ERROR MATRIX ACCURATE 
  EXT PARAMETER                                   STEP         FIRST   
  NO.   NAME      VALUE            ERROR          SIZE      DERIVATIVE 
   1  Constant     1.19317e+00   1.34603e+00   2.38741e-04  -9.30326e-04
   2  Mean         4.05915e+01   1.08307e+01   1.90125e-03  -1.05389e-04
   3  Sigma        3.52638e+00   3.22657e+00   1.32028e-02   3.52012e-05
 FCN=96.3272 FROM MIGRAD    STATUS=CONVERGED      87 CALLS          88 TOTAL
                     EDM=7.58239e-11    STRATEGY= 1      ERROR MATRIX ACCURATE 
  EXT PARAMETER                                   STEP         FIRST   
  NO.   NAME      VALUE            ERROR          SIZE      DERIVATIVE 
   1  p0          -2.34426e+01   6.39037e-01   5.86615e-04  -9.22045e-05
   2  p1           4.20588e+01   8.27559e-03   2.00552e-05  -6.37844e-03
time walk correction slope: -23.4425576541
deltaT for ch2Risetime = 0.825
 FCN=18.4872 FROM MIGRAD    STATUS=CONVERGED      79 CALLS          80 TOTAL
                     EDM=4.60957e-09    STRATEGY= 1      ERROR MATRIX ACCURATE 
  EXT PARAMETER                                   STEP         FIRST   
  NO.   NAME      VALUE            ERROR          SIZE      DERIVATIVE 
   1  Constant     1.56278e+02   4.82399e+00   7.56348e-03   9.39272e-06
   2  Mean         4.16698e+01   1.54979e-03   1.98697e-05   4.77755e-02
   3  Sigma        5.55228e-02   1.80433e-03   1.90630e-05   7.51341e-03
deltaT for ch2Risetime = 0.875
 FCN=19.9725 FROM MIGRAD    STATUS=CONVERGED      71 CALLS          72 TOTAL
                     EDM=2.18885e-07    STRATEGY= 1      ERROR MATRIX ACCURATE 
  EXT PARAMETER                                   STEP         FIRST   
  NO.   NAME      VALUE            ERROR          SIZE      DERIVATIVE 
   1  Constant     1.94835e+02   4.91453e+00   8.19290e-03  -2.02173e-05
   2  Mean         4.16745e+01   1.44970e-03   1.98719e-05  -4.36803e-01
   3  Sigma        6.30413e-02   1.58305e-03   1.56187e-05   1.14765e-02
deltaT for ch2Risetime = 0.925
 FCN=43.5353 FROM MIGRAD    STATUS=CONVERGED      72 CALLS          73 TOTAL
                     EDM=1.50108e-06    STRATEGY= 1      ERROR MATRIX ACCURATE 
  EXT PARAMETER                                   STEP         FIRST   
  NO.   NAME      VALUE            ERROR          SIZE      DERIVATIVE 
   1  Constant     2.19283e+02   5.19083e+00   1.22150e-02   1.57699e-04
   2  Mean         4.16846e+01   1.39069e-03   1.98768e-05  -1.07196e+00
   3  Sigma        6.73184e-02   1.60476e-03   2.07256e-05   1.36780e-01
deltaT for ch2Risetime = 0.975
 FCN=34.5003 FROM MIGRAD    STATUS=CONVERGED      71 CALLS          72 TOTAL
                     EDM=5.11825e-07    STRATEGY= 1      ERROR MATRIX ACCURATE 
  EXT PARAMETER                                   STEP         FIRST   
  NO.   NAME      VALUE            ERROR          SIZE      DERIVATIVE 
   1  Constant     2.32032e+02   5.26452e+00   1.11691e-02   1.26080e-04
   2  Mean         4.16962e+01   1.32271e-03   1.98823e-05  -6.51466e-01
   3  Sigma        6.72771e-02   1.46392e-03   1.67878e-05   1.05764e-01
deltaT for ch2Risetime = 1.025
 FCN=25.4013 FROM MIGRAD    STATUS=CONVERGED      71 CALLS          72 TOTAL
                     EDM=2.77762e-07    STRATEGY= 1      ERROR MATRIX ACCURATE 
  EXT PARAMETER                                   STEP         FIRST   
  NO.   NAME      VALUE            ERROR          SIZE      DERIVATIVE 
   1  Constant     2.03896e+02   4.77203e+00   8.90954e-03   2.06168e-04
   2  Mean         4.17121e+01   1.47074e-03   1.98899e-05  -1.65224e-02
   3  Sigma        6.96529e-02   1.58275e-03   1.55707e-05   9.52813e-02
deltaT for ch2Risetime = 1.075
 FCN=30.7352 FROM MIGRAD    STATUS=CONVERGED      70 CALLS          71 TOTAL
                     EDM=1.42091e-07    STRATEGY= 1      ERROR MATRIX ACCURATE 
  EXT PARAMETER                                   STEP         FIRST   
  NO.   NAME      VALUE            ERROR          SIZE      DERIVATIVE 
   1  Constant     1.63025e+02   4.07903e+00   8.45057e-03   9.83257e-05
   2  Mean         4.17193e+01   1.60933e-03   1.98933e-05  -1.40951e-01
   3  Sigma        7.31049e-02   1.63149e-03   1.66577e-05  -1.23240e-02
deltaT for ch2Risetime = 1.125
 FCN=25.5213 FROM MIGRAD    STATUS=CONVERGED      71 CALLS          72 TOTAL
                     EDM=1.21345e-07    STRATEGY= 1      ERROR MATRIX ACCURATE 
  EXT PARAMETER                                   STEP         FIRST   
  NO.   NAME      VALUE            ERROR          SIZE      DERIVATIVE 
   1  Constant     9.99833e+01   3.02068e+00   5.64662e-03   2.06189e-04
   2  Mean         4.17241e+01   2.28505e-03   1.98956e-05  -3.92421e-02
   3  Sigma        8.50363e-02   2.45001e-03   1.97520e-05   5.42398e-02
deltaT for ch2Risetime = 1.175
 FCN=19.9288 FROM MIGRAD    STATUS=CONVERGED      78 CALLS          79 TOTAL
                     EDM=2.25726e-09    STRATEGY= 1      ERROR MATRIX ACCURATE 
  EXT PARAMETER                                   STEP         FIRST   
  NO.   NAME      VALUE            ERROR          SIZE      DERIVATIVE 
   1  Constant     7.25544e+01   2.52050e+00   4.16236e-03  -8.46053e-06
   2  Mean         4.17409e+01   2.93240e-03   1.99036e-05  -1.37915e-02
   3  Sigma        9.13681e-02   3.23891e-03   2.15336e-05   3.31670e-03
deltaT for ch2Risetime = 1.225
 FCN=49.722 FROM MIGRAD    STATUS=CONVERGED      81 CALLS          82 TOTAL
                     EDM=2.86196e-09    STRATEGY= 1      ERROR MATRIX ACCURATE 
  EXT PARAMETER                                   STEP         FIRST   
  NO.   NAME      VALUE            ERROR          SIZE      DERIVATIVE 
   1  Constant     4.79185e+01   2.01243e+00   5.03960e-03   2.02857e-05
   2  Mean         4.17632e+01   4.34729e-03   1.99143e-05  -1.21415e-02
   3  Sigma        1.05770e-01   5.54342e-03   5.09594e-05   4.15362e-03
deltaT for ch2Risetime = 1.275
 FCN=61.4575 FROM MIGRAD    STATUS=CONVERGED      79 CALLS          80 TOTAL
                     EDM=6.19385e-07    STRATEGY= 1      ERROR MATRIX ACCURATE 
  EXT PARAMETER                                   STEP         FIRST   
  NO.   NAME      VALUE            ERROR          SIZE      DERIVATIVE 
   1  Constant     4.23939e+01   2.08310e+00   5.48815e-03  -2.52766e-04
   2  Mean         4.17848e+01   3.67369e-03   1.99245e-05  -4.57132e-03
   3  Sigma        9.09394e-02   4.62750e-03   4.81001e-05   3.65783e-02
deltaT for ch2Risetime = 1.325
 FCN=40.8569 FROM MIGRAD    STATUS=CONVERGED      81 CALLS          82 TOTAL
                     EDM=4.60349e-07    STRATEGY= 1      ERROR MATRIX ACCURATE 
  EXT PARAMETER                                   STEP         FIRST   
  NO.   NAME      VALUE            ERROR          SIZE      DERIVATIVE 
   1  Constant     4.41978e+01   2.18628e+00   4.90585e-03  -6.27705e-05
   2  Mean         4.18056e+01   3.93898e-03   1.99345e-05  -2.06382e-01
   3  Sigma        8.26802e-02   4.62521e-03   4.34091e-05   3.72045e-02
deltaT for ch2Risetime = 1.375
 FCN=47.9004 FROM MIGRAD    STATUS=CONVERGED      71 CALLS          72 TOTAL
                     EDM=1.7061e-06    STRATEGY= 1      ERROR MATRIX ACCURATE 
  EXT PARAMETER                                   STEP         FIRST   
  NO.   NAME      VALUE            ERROR          SIZE      DERIVATIVE 
   1  Constant     3.61391e+01   1.97606e+00   4.65504e-03   2.28248e-04
   2  Mean         4.18104e+01   3.50866e-03   1.99367e-05   4.78158e-01
   3  Sigma        8.17751e-02   4.10223e-03   4.09992e-05   6.26409e-02
deltaT for ch2Risetime = 1.425
 FCN=39.8187 FROM MIGRAD    STATUS=CONVERGED      73 CALLS          74 TOTAL
                     EDM=9.09784e-09    STRATEGY= 1      ERROR MATRIX ACCURATE 
  EXT PARAMETER                                   STEP         FIRST   
  NO.   NAME      VALUE            ERROR          SIZE      DERIVATIVE 
   1  Constant     3.93911e+01   2.13123e+00   4.79370e-03  -3.38065e-05
   2  Mean         4.18202e+01   3.03506e-03   1.99414e-05  -3.83337e-02
   3  Sigma        6.94089e-02   3.25885e-03   3.65570e-05  -5.24181e-03
deltaT for ch2Risetime = 1.475
 FCN=26.518 FROM MIGRAD    STATUS=CONVERGED      72 CALLS          73 TOTAL
                     EDM=2.10955e-07    STRATEGY= 1      ERROR MATRIX ACCURATE 
  EXT PARAMETER                                   STEP         FIRST   
  NO.   NAME      VALUE            ERROR          SIZE      DERIVATIVE 
   1  Constant     4.29792e+01   2.30444e+00   4.22946e-03  -6.16187e-06
   2  Mean         4.18338e+01   3.05170e-03   1.99479e-05  -9.51945e-02
   3  Sigma        6.70473e-02   3.47371e-03   3.43347e-05   3.21817e-02
deltaT for ch2Risetime = 1.525
 FCN=40.9761 FROM MIGRAD    STATUS=CONVERGED      82 CALLS          83 TOTAL
                     EDM=6.59945e-09    STRATEGY= 1      ERROR MATRIX ACCURATE 
  EXT PARAMETER                                   STEP         FIRST   
  NO.   NAME      VALUE            ERROR          SIZE      DERIVATIVE 
   1  Constant     4.25827e+01   2.42998e+00   5.36287e-03   4.25094e-05
   2  Mean         4.18387e+01   3.05132e-03   1.99503e-05  -3.06927e-02
   3  Sigma        6.35533e-02   3.65109e-03   4.50190e-05   5.79418e-03
deltaT for ch2Risetime = 1.575
 FCN=18.2581 FROM MIGRAD    STATUS=CONVERGED      70 CALLS          71 TOTAL
                     EDM=3.81853e-09    STRATEGY= 1      ERROR MATRIX ACCURATE 
  EXT PARAMETER                                   STEP         FIRST   
  NO.   NAME      VALUE            ERROR          SIZE      DERIVATIVE 
   1  Constant     4.24094e+01   2.14236e+00   3.48557e-03  -4.64190e-05
   2  Mean         4.18416e+01   3.04853e-03   1.99517e-05  -1.19007e-02
   3  Sigma        6.77925e-02   3.02169e-03   2.59176e-05  -2.52040e-03
deltaT for ch2Risetime = 1.625
 FCN=19.7409 FROM MIGRAD    STATUS=CONVERGED      74 CALLS          75 TOTAL
                     EDM=2.94093e-10    STRATEGY= 1      ERROR MATRIX ACCURATE 
  EXT PARAMETER                                   STEP         FIRST   
  NO.   NAME      VALUE            ERROR          SIZE      DERIVATIVE 
   1  Constant     4.23352e+01   2.16479e+00   3.56002e-03  -6.17775e-07
   2  Mean         4.18464e+01   3.31854e-03   1.99539e-05  -7.16889e-03
   3  Sigma        7.17117e-02   3.68904e-03   3.14494e-05  -3.34754e-04
deltaT for ch2Risetime = 1.675
 FCN=20.0991 FROM MIGRAD    STATUS=CONVERGED      73 CALLS          74 TOTAL
                     EDM=3.79506e-08    STRATEGY= 1      ERROR MATRIX ACCURATE 
  EXT PARAMETER                                   STEP         FIRST   
  NO.   NAME      VALUE            ERROR          SIZE      DERIVATIVE 
   1  Constant     3.81722e+01   2.10183e+00   3.41410e-03   1.76905e-04
   2  Mean         4.18474e+01   3.66047e-03   1.99544e-05   2.40083e-02
   3  Sigma        7.25228e-02   4.25836e-03   3.50568e-05   1.24411e-02
deltaT for ch2Risetime = 1.725
 FCN=27.4448 FROM MIGRAD    STATUS=CONVERGED      71 CALLS          72 TOTAL
                     EDM=1.2635e-08    STRATEGY= 1      ERROR MATRIX ACCURATE 
  EXT PARAMETER                                   STEP         FIRST   
  NO.   NAME      VALUE            ERROR          SIZE      DERIVATIVE 
   1  Constant     3.95941e+01   2.15307e+00   4.12233e-03  -7.00535e-05
   2  Mean         4.18530e+01   3.17322e-03   1.99571e-05   2.34030e-02
   3  Sigma        6.72682e-02   3.44883e-03   3.57424e-05  -9.50123e-04
deltaT for ch2Risetime = 1.775
 FCN=39.2174 FROM MIGRAD    STATUS=CONVERGED      72 CALLS          73 TOTAL
                     EDM=2.41462e-07    STRATEGY= 1      ERROR MATRIX ACCURATE 
  EXT PARAMETER                                   STEP         FIRST   
  NO.   NAME      VALUE            ERROR          SIZE      DERIVATIVE 
   1  Constant     4.23885e+01   2.18420e+00   5.20552e-03  -8.87010e-05
   2  Mean         4.18508e+01   3.11663e-03   1.99560e-05   1.14504e-01
   3  Sigma        6.36945e-02   2.83643e-03   3.42676e-05   3.86291e-02
 FCN=89.1543 FROM MIGRAD    STATUS=CONVERGED      72 CALLS          73 TOTAL
                     EDM=3.51284e-08    STRATEGY= 1      ERROR MATRIX ACCURATE 
  EXT PARAMETER                                   STEP         FIRST   
  NO.   NAME      VALUE            ERROR          SIZE      DERIVATIVE 
   1  p0           2.29561e-01   4.90412e-03   5.06610e-06  -2.02483e-01
   2  p1           4.14770e+01   6.40368e-03   1.97778e-05  -1.28403e-01
time walk correction slope: 0.229561136141
timing resolution for x = 0.0
 FCN=1.27244e-05 FROM MIGRAD    STATUS=CONVERGED     221 CALLS         222 TOTAL
                     EDM=6.77259e-07    STRATEGY= 1  ERROR MATRIX UNCERTAINTY   5.2 per cent
  EXT PARAMETER                                   STEP         FIRST   
  NO.   NAME      VALUE            ERROR          SIZE      DERIVATIVE 
   1  Constant     1.00552e+00   8.96924e-01  -1.73186e-03  -2.28561e-03
   2  Mean         4.18953e+01   7.06446e+01   1.65231e-01  -2.06721e-06
   3  Sigma        1.36314e+01   1.24375e+01   2.55144e-01  -1.58843e-05
mean of delta T = 42.3033040365
fit mean of delta T = 0.0
std dev of delta T = 1.39146876463
fit sigma of delta T = 0.0
 FCN=1.42915e-13 FROM HESSE     STATUS=NOT POSDEF     16 CALLS          63 TOTAL
                     EDM=2.85517e-13    STRATEGY= 1      ERR MATRIX NOT POS-DEF
  EXT PARAMETER                APPROXIMATE        STEP         FIRST   
  NO.   NAME      VALUE            ERROR          SIZE      DERIVATIVE 
   1  Constant     1.49893e+00   1.67666e+01   1.03569e-04   7.13353e-07
   2  Mean         4.20200e+01   1.11704e+00   5.46010e-04   0.00000e+00
   3  Sigma        1.42266e+00   1.04393e+01   6.02053e-06   2.44768e-06
mean of delta T = 41.9973023035
fit mean of delta T = 0.0
std dev of delta T = 1.2762976394
fit sigma of delta T = 0.0
mean of delta T = 0.0
fit mean of delta T = 0.0
std dev of delta T = 0.0
fit sigma of delta T = 0.0
mean of delta T = 0.0
fit mean of delta T = 0.0
std dev of delta T = 0.0
fit sigma of delta T = 0.0
 FCN=2.67336e-05 FROM MIGRAD    STATUS=CONVERGED     189 CALLS         190 TOTAL
                     EDM=7.90185e-08    STRATEGY= 1  ERROR MATRIX UNCERTAINTY   0.8 per cent
  EXT PARAMETER                                   STEP         FIRST   
  NO.   NAME      VALUE            ERROR          SIZE      DERIVATIVE 
   1  Constant     1.00512e+00   6.11223e-01  -2.94047e-04  -5.32246e-04
   2  Mean         1.85637e-02   3.19005e-02   7.65354e-05  -9.32543e-03
   3  Sigma        5.60819e-03   3.85427e-03   9.73923e-02  -3.15953e-06
mean of ch2Amp = 0.0186803601682
fit mean of ch2Amp = 0.0
fit sigma of ch2Amp = 0.0
mean of ch2Risetime = 0.0
fit mean of ch2Risetime = 0.0
fit sigma of ch2Risetime = 0.0
timing resolution for x = 1.0
 FCN=3.38724e-05 FROM MIGRAD    STATUS=CONVERGED     179 CALLS         180 TOTAL
                     EDM=6.86915e-08    STRATEGY= 1  ERROR MATRIX UNCERTAINTY   1.4 per cent
  EXT PARAMETER                                   STEP         FIRST   
  NO.   NAME      VALUE            ERROR          SIZE      DERIVATIVE 
   1  Constant     1.00495e+00   5.91538e-01  -4.28672e-04  -6.57823e-04
   2  Mean         4.23010e+01   6.03243e+01  -1.33021e-01   2.05007e-06
   3  Sigma        1.05084e+01   7.79609e+00   1.10024e-01  -2.72613e-06
mean of delta T = 42.1731236776
fit mean of delta T = 0.0
std dev of delta T = 1.06237437886
fit sigma of delta T = 0.0
 FCN=3.85852e-05 FROM MIGRAD    STATUS=CONVERGED     180 CALLS         181 TOTAL
                     EDM=8.53492e-07    STRATEGY= 1  ERROR MATRIX UNCERTAINTY   2.3 per cent
  EXT PARAMETER                                   STEP         FIRST   
  NO.   NAME      VALUE            ERROR          SIZE      DERIVATIVE 
   1  Constant     1.00473e+00   5.94325e-01  -8.01681e-04  -2.02159e-03
   2  Mean         4.24439e+01   6.63172e+01  -2.84372e-01   5.38432e-06
   3  Sigma        1.16882e+01   6.23100e+00   8.66822e-02  -1.40305e-05
mean of delta T = 42.4099132872
fit mean of delta T = 0.0
std dev of delta T = 1.19143628238
fit sigma of delta T = 0.0
mean of delta T = 0.0
fit mean of delta T = 0.0
std dev of delta T = 0.0
fit sigma of delta T = 0.0
mean of delta T = 0.0
fit mean of delta T = 0.0
std dev of delta T = 0.0
fit sigma of delta T = 0.0
 FCN=6.56126e-11 FROM HESSE     STATUS=NOT POSDEF     16 CALLS          71 TOTAL
                     EDM=1.3094e-10    STRATEGY= 1      ERR MATRIX NOT POS-DEF
  EXT PARAMETER                APPROXIMATE        STEP         FIRST   
  NO.   NAME      VALUE            ERROR          SIZE      DERIVATIVE 
   1  Constant     2.48447e+00   1.82024e+01   1.40126e-04   5.79466e-06
   2  Mean         1.43987e-02   3.96604e-02   4.14077e-07   3.25888e-03
   3  Sigma        6.94803e-03   5.50995e-02   3.49430e-06  -8.26797e-06
mean of ch2Amp = 0.014366589797
fit mean of ch2Amp = 0.0
fit sigma of ch2Amp = 0.0
mean of ch2Risetime = 0.0
fit mean of ch2Risetime = 0.0
fit sigma of ch2Risetime = 0.0
timing resolution for x = 2.0
 FCN=85.3905 FROM MIGRAD    STATUS=CONVERGED      72 CALLS          73 TOTAL
                     EDM=3.85393e-08    STRATEGY= 1      ERROR MATRIX ACCURATE 
  EXT PARAMETER                                   STEP         FIRST   
  NO.   NAME      VALUE            ERROR          SIZE      DERIVATIVE 
   1  Constant     1.21807e+02   2.44875e+00   8.39157e-03   3.08673e-05
   2  Mean         4.17870e+01   2.20933e-03   1.99256e-05   1.03424e-01
   3  Sigma        1.22172e-01   2.27622e-03   2.34250e-05   2.94724e-02
mean of delta T = 41.7625846801
fit mean of delta T = 41.7870454914
std dev of delta T = 0.195588499198
fit sigma of delta T = 0.122172413068
 FCN=77.9511 FROM MIGRAD    STATUS=CONVERGED      65 CALLS          66 TOTAL
                     EDM=1.02869e-09    STRATEGY= 1  ERROR MATRIX UNCERTAINTY   2.4 per cent
  EXT PARAMETER                                   STEP         FIRST   
  NO.   NAME      VALUE            ERROR          SIZE      DERIVATIVE 
   1  Constant     1.18910e+02   2.43566e+00  -3.54212e-05   9.49846e-06
   2  Mean         4.19523e+01   2.46683e-03  -3.06615e-06   2.21449e-02
   3  Sigma        1.26388e-01   2.72410e-03  -3.54903e-06   5.92249e-03
mean of delta T = 41.931674561
fit mean of delta T = 41.9523387751
std dev of delta T = 0.198386275408
fit sigma of delta T = 0.126388236242
 FCN=175.495 FROM MIGRAD    STATUS=CONVERGED      72 CALLS          73 TOTAL
                     EDM=3.16842e-13    STRATEGY= 1  ERROR MATRIX UNCERTAINTY   3.4 per cent
  EXT PARAMETER                                   STEP         FIRST   
  NO.   NAME      VALUE            ERROR          SIZE      DERIVATIVE 
   1  Constant     1.22037e+02   2.99200e+00   4.30248e-03  -7.91586e-08
   2  Mean         4.18661e+01   2.12193e-03   7.12275e-07  -2.32307e-04
   3  Sigma        1.00553e-01   2.63980e-03  -1.28984e-05  -1.07169e-04
mean of delta T = 41.7150188967
fit mean of delta T = 41.8661277321
std dev of delta T = 0.33893736966
fit sigma of delta T = 0.100552541279
 FCN=164.326 FROM MIGRAD    STATUS=CONVERGED      78 CALLS          79 TOTAL
                     EDM=1.21287e-08    STRATEGY= 1      ERROR MATRIX ACCURATE 
  EXT PARAMETER                                   STEP         FIRST   
  NO.   NAME      VALUE            ERROR          SIZE      DERIVATIVE 
   1  Constant     1.17866e+02   2.85056e+00   1.24039e-02   5.89034e-05
   2  Mean         4.18328e+01   2.19346e-03   1.99474e-05   2.16466e-02
   3  Sigma        1.06323e-01   2.69850e-03   3.99151e-05   2.06534e-02
mean of delta T = 41.6860969597
fit mean of delta T = 41.8327983548
std dev of delta T = 0.335293291857
fit sigma of delta T = 0.10632307772
 FCN=11.7871 FROM MIGRAD    STATUS=CONVERGED      78 CALLS          79 TOTAL
                     EDM=6.45464e-07    STRATEGY= 1      ERROR MATRIX ACCURATE 
  EXT PARAMETER                                   STEP         FIRST   
  NO.   NAME      VALUE            ERROR          SIZE      DERIVATIVE 
   1  Constant     4.84513e+02   1.03192e+01   1.29749e-02  -8.12611e-05
   2  Mean         1.14371e-02   1.29292e-05   2.22997e-08  -1.62602e+01
   3  Sigma        6.10771e-04   1.68663e-05   1.36781e-05   3.50591e-02
mean of ch2Amp = 0.0114787229227
fit mean of ch2Amp = 0.0114370818735
fit sigma of ch2Amp = 0.000610771151303
 FCN=28.5758 FROM MIGRAD    STATUS=CONVERGED      72 CALLS          73 TOTAL
                     EDM=1.2698e-06    STRATEGY= 1      ERROR MATRIX ACCURATE 
  EXT PARAMETER                                   STEP         FIRST   
  NO.   NAME      VALUE            ERROR          SIZE      DERIVATIVE 
   1  Constant     5.59747e+01   1.88799e+00   4.24228e-03   1.52499e-04
   2  Mean         9.84006e-01   9.84684e-03   1.16338e-05  -2.27725e-01
   3  Sigma        1.20909e-01   6.40828e-03   2.60742e-05   3.41975e-02
mean of ch2Risetime = 1.85403261456
fit mean of ch2Risetime = 0.984005812646
fit sigma of ch2Risetime = 0.120908999143
timing resolution for x = 3.0
 FCN=55.1086 FROM MIGRAD    STATUS=CONVERGED      71 CALLS          72 TOTAL
                     EDM=4.59173e-09    STRATEGY= 1      ERROR MATRIX ACCURATE 
  EXT PARAMETER                                   STEP         FIRST   
  NO.   NAME      VALUE            ERROR          SIZE      DERIVATIVE 
   1  Constant     1.22149e+02   2.44716e+00   6.79190e-03   4.75388e-05
   2  Mean         4.17847e+01   2.16757e-03   1.99245e-05  -1.46994e-02
   3  Sigma        1.20733e-01   2.19576e-03   1.84033e-05   1.42082e-02
mean of delta T = 41.7557629726
fit mean of delta T = 41.7847347309
std dev of delta T = 0.207318390847
fit sigma of delta T = 0.120732646825
 FCN=84.8171 FROM MIGRAD    STATUS=CONVERGED      71 CALLS          72 TOTAL
                     EDM=7.57166e-08    STRATEGY= 1      ERROR MATRIX ACCURATE 
  EXT PARAMETER                                   STEP         FIRST   
  NO.   NAME      VALUE            ERROR          SIZE      DERIVATIVE 
   1  Constant     1.19460e+02   2.37973e+00   8.23826e-03  -1.40624e-04
   2  Mean         4.19552e+01   2.16747e-03   2.00058e-05   1.33499e-01
   3  Sigma        1.21877e-01   2.11992e-03   2.17474e-05  -2.95119e-02
mean of delta T = 41.9261456683
fit mean of delta T = 41.9551794413
std dev of delta T = 0.210056121257
fit sigma of delta T = 0.121877322393
 FCN=158.843 FROM MIGRAD    STATUS=CONVERGED      79 CALLS          80 TOTAL
                     EDM=3.98799e-10    STRATEGY= 1      ERROR MATRIX ACCURATE 
  EXT PARAMETER                                   STEP         FIRST   
  NO.   NAME      VALUE            ERROR          SIZE      DERIVATIVE 
   1  Constant     1.15515e+02   2.77771e+00   1.19893e-02   6.01127e-06
   2  Mean         4.18560e+01   2.09650e-03   1.99585e-05  -1.28550e-02
   3  Sigma        1.05333e-01   2.48665e-03   3.70058e-05   1.52956e-03
mean of delta T = 41.7081119162
fit mean of delta T = 41.8560038614
std dev of delta T = 0.344577281253
fit sigma of delta T = 0.105333280673
 FCN=182.037 FROM MIGRAD    STATUS=CONVERGED      77 CALLS          78 TOTAL
                     EDM=4.66427e-08    STRATEGY= 1      ERROR MATRIX ACCURATE 
  EXT PARAMETER                                   STEP         FIRST   
  NO.   NAME      VALUE            ERROR          SIZE      DERIVATIVE 
   1  Constant     1.12037e+02   2.73074e+00   1.23795e-02  -1.53485e-04
   2  Mean         4.18265e+01   2.21833e-03   1.99445e-05   3.95317e-02
   3  Sigma        1.10840e-01   2.73815e-03   4.03103e-05  -2.43197e-02
mean of delta T = 41.6808875093
fit mean of delta T = 41.8265470431
std dev of delta T = 0.34001817714
fit sigma of delta T = 0.110839971166
 FCN=11.9112 FROM MIGRAD    STATUS=CONVERGED      78 CALLS          79 TOTAL
                     EDM=7.91144e-08    STRATEGY= 1      ERROR MATRIX ACCURATE 
  EXT PARAMETER                                   STEP         FIRST   
  NO.   NAME      VALUE            ERROR          SIZE      DERIVATIVE 
   1  Constant     4.76031e+02   1.01389e+01   1.29592e-02  -1.31928e-05
   2  Mean         1.14604e-02   1.34291e-05   2.25303e-08  -6.95302e+00
   3  Sigma        6.09009e-04   1.67943e-05   1.35598e-05   2.37184e-02
mean of ch2Amp = 0.011533991926
fit mean of ch2Amp = 0.0114604356532
fit sigma of ch2Amp = 0.000609008514472
 FCN=52.5717 FROM MIGRAD    STATUS=CONVERGED      70 CALLS          71 TOTAL
                     EDM=1.25739e-09    STRATEGY= 1  ERROR MATRIX UNCERTAINTY   6.0 per cent
  EXT PARAMETER                                   STEP         FIRST   
  NO.   NAME      VALUE            ERROR          SIZE      DERIVATIVE 
   1  Constant     5.34792e+01   1.81813e+00  -5.16828e-03  -2.17185e-05
   2  Mean         1.02600e+00   1.29325e-02  -1.34424e-05   8.93901e-03
   3  Sigma        1.43381e-01   8.27244e-03  -4.97209e-06  -2.07040e-03
mean of ch2Risetime = 1.86947554216
fit mean of ch2Risetime = 1.02600349176
fit sigma of ch2Risetime = 0.143381183936
timing resolution for x = 4.0
 FCN=70.8563 FROM MIGRAD    STATUS=CONVERGED      78 CALLS          79 TOTAL
                     EDM=3.95646e-09    STRATEGY= 1      ERROR MATRIX ACCURATE 
  EXT PARAMETER                                   STEP         FIRST   
  NO.   NAME      VALUE            ERROR          SIZE      DERIVATIVE 
   1  Constant     1.27415e+02   2.60894e+00   8.05536e-03   1.80961e-05
   2  Mean         4.17678e+01   2.24608e-03   1.99164e-05   2.80967e-02
   3  Sigma        1.18015e-01   2.48617e-03   2.44695e-05   1.01446e-02
mean of delta T = 41.7494924469
fit mean of delta T = 41.7677914727
std dev of delta T = 0.185503757253
fit sigma of delta T = 0.118014826245
 FCN=80.2823 FROM MIGRAD    STATUS=CONVERGED      72 CALLS          73 TOTAL
                     EDM=3.81501e-07    STRATEGY= 1      ERROR MATRIX ACCURATE 
  EXT PARAMETER                                   STEP         FIRST   
  NO.   NAME      VALUE            ERROR          SIZE      DERIVATIVE 
   1  Constant     1.24701e+02   2.51856e+00   8.32178e-03   2.39340e-04
   2  Mean         4.19505e+01   2.18855e-03   2.00035e-05   2.81097e-01
   3  Sigma        1.20045e-01   2.30772e-03   2.33950e-05   1.13451e-01
mean of delta T = 41.9306335171
fit mean of delta T = 41.9504824712
std dev of delta T = 0.188117016661
fit sigma of delta T = 0.12004537403
 FCN=93.4331 FROM MIGRAD    STATUS=CONVERGED      64 CALLS          65 TOTAL
                     EDM=1.81255e-10    STRATEGY= 1  ERROR MATRIX UNCERTAINTY   2.3 per cent
  EXT PARAMETER                                   STEP         FIRST   
  NO.   NAME      VALUE            ERROR          SIZE      DERIVATIVE 
   1  Constant     1.42483e+02   3.27030e+00   9.55440e-05   4.25955e-06
   2  Mean         4.18625e+01   1.70548e-03   9.89749e-07  -6.72358e-03
   3  Sigma        8.60162e-02   1.88956e-03  -4.36852e-06   3.72970e-03
mean of delta T = 41.7362461029
fit mean of delta T = 41.8625278098
std dev of delta T = 0.312240765607
fit sigma of delta T = 0.0860162203124
 FCN=108.839 FROM MIGRAD    STATUS=CONVERGED      72 CALLS          73 TOTAL
                     EDM=1.17824e-06    STRATEGY= 1      ERROR MATRIX ACCURATE 
  EXT PARAMETER                                   STEP         FIRST   
  NO.   NAME      VALUE            ERROR          SIZE      DERIVATIVE 
   1  Constant     1.39305e+02   3.20264e+00   1.19242e-02   6.54266e-05
   2  Mean         4.18426e+01   1.77653e-03   1.99521e-05  -6.75541e-01
   3  Sigma        8.86076e-02   1.97886e-03   3.02676e-05   1.46345e-01
mean of delta T = 41.7178732722
fit mean of delta T = 41.8425860086
std dev of delta T = 0.312318247156
fit sigma of delta T = 0.0886076199864
 FCN=19.9107 FROM MIGRAD    STATUS=CONVERGED      69 CALLS          70 TOTAL
                     EDM=6.99929e-07    STRATEGY= 1      ERROR MATRIX ACCURATE 
  EXT PARAMETER                                   STEP         FIRST   
  NO.   NAME      VALUE            ERROR          SIZE      DERIVATIVE 
   1  Constant     4.64611e+02   9.49541e+00   1.55967e-02  -1.38390e-04
   2  Mean         1.19328e-02   1.19828e-05   2.66629e-08   3.55128e+01
   3  Sigma        6.31270e-04   1.38644e-05   1.36347e-05  -4.43095e-02
mean of ch2Amp = 0.0119927643734
fit mean of ch2Amp = 0.011932774595
fit sigma of ch2Amp = 0.000631270018024
 FCN=39.9199 FROM MIGRAD    STATUS=CONVERGED      63 CALLS          64 TOTAL
                     EDM=4.90728e-09    STRATEGY= 1  ERROR MATRIX UNCERTAINTY   3.0 per cent
  EXT PARAMETER                                   STEP         FIRST   
  NO.   NAME      VALUE            ERROR          SIZE      DERIVATIVE 
   1  Constant     6.52694e+01   2.00313e+00   3.15021e-03  -4.37657e-05
   2  Mean         9.75181e-01   6.01205e-03   5.91391e-06  -1.47116e-02
   3  Sigma        1.20154e-01   5.10627e-03   6.77215e-07   5.25677e-03
mean of ch2Risetime = 1.74025195862
fit mean of ch2Risetime = 0.975180696415
fit sigma of ch2Risetime = 0.120154332061
timing resolution for x = 5.0
 FCN=85.435 FROM MIGRAD    STATUS=CONVERGED      60 CALLS          61 TOTAL
                     EDM=2.26725e-08    STRATEGY= 1  ERROR MATRIX UNCERTAINTY   2.1 per cent
  EXT PARAMETER                                   STEP         FIRST   
  NO.   NAME      VALUE            ERROR          SIZE      DERIVATIVE 
   1  Constant     1.38645e+02   2.81868e+00   5.60192e-04   5.51530e-05
   2  Mean         4.17379e+01   2.17584e-03  -7.53558e-06   9.56405e-02
   3  Sigma        1.12370e-01   2.48398e-03  -1.46797e-05   3.54474e-02
mean of delta T = 41.7357267601
fit mean of delta T = 41.7378935102
std dev of delta T = 0.137272034191
fit sigma of delta T = 0.112370444828
 FCN=66.5444 FROM MIGRAD    STATUS=CONVERGED      78 CALLS          79 TOTAL
                     EDM=1.82813e-08    STRATEGY= 1      ERROR MATRIX ACCURATE 
  EXT PARAMETER                                   STEP         FIRST   
  NO.   NAME      VALUE            ERROR          SIZE      DERIVATIVE 
   1  Constant     1.35551e+02   2.75641e+00   8.19529e-03   3.13898e-05
   2  Mean         4.19518e+01   2.17051e-03   2.00042e-05   6.30619e-02
   3  Sigma        1.14754e-01   2.46163e-03   2.41358e-05   2.22406e-02
mean of delta T = 41.9483111426
fit mean of delta T = 41.9517877256
std dev of delta T = 0.140421591449
fit sigma of delta T = 0.114754040605
 FCN=112.414 FROM MIGRAD    STATUS=CONVERGED      71 CALLS          72 TOTAL
                     EDM=3.20287e-07    STRATEGY= 1      ERROR MATRIX ACCURATE 
  EXT PARAMETER                                   STEP         FIRST   
  NO.   NAME      VALUE            ERROR          SIZE      DERIVATIVE 
   1  Constant     1.64235e+02   3.67230e+00   1.37210e-02   2.80853e-04
   2  Mean         4.18602e+01   1.61774e-03   1.99605e-05  -9.66293e-02
   3  Sigma        8.22893e-02   1.85232e-03   3.03127e-05   1.25683e-01
mean of delta T = 41.7797924504
fit mean of delta T = 41.8602277124
std dev of delta T = 0.242877632167
fit sigma of delta T = 0.0822893395878
 FCN=81.8963 FROM MIGRAD    STATUS=CONVERGED      80 CALLS          81 TOTAL
                     EDM=1.46476e-10    STRATEGY= 1      ERROR MATRIX ACCURATE 
  EXT PARAMETER                                   STEP         FIRST   
  NO.   NAME      VALUE            ERROR          SIZE      DERIVATIVE 
   1  Constant     1.63176e+02   3.66062e+00   1.16805e-02   4.07571e-07
   2  Mean         4.18723e+01   1.57741e-03   1.99662e-05   4.78810e-03
   3  Sigma        8.15585e-02   1.82237e-03   2.61496e-05   2.00007e-03
mean of delta T = 41.7920214756
fit mean of delta T = 41.8722541665
std dev of delta T = 0.246387816388
fit sigma of delta T = 0.0815585435246
 FCN=14.9619 FROM MIGRAD    STATUS=CONVERGED      78 CALLS          79 TOTAL
                     EDM=4.94817e-07    STRATEGY= 1      ERROR MATRIX ACCURATE 
  EXT PARAMETER                                   STEP         FIRST   
  NO.   NAME      VALUE            ERROR          SIZE      DERIVATIVE 
   1  Constant     4.27374e+02   8.99333e+00   1.26471e-02  -7.78288e-05
   2  Mean         1.32766e-02   1.46881e-05   2.82965e-08  -2.55098e+00
   3  Sigma        7.06118e-04   1.90194e-05   1.48805e-05   3.44658e-02
mean of ch2Amp = 0.013334094868
fit mean of ch2Amp = 0.0132766249748
fit sigma of ch2Amp = 0.000706118043482
 FCN=53.4349 FROM MIGRAD    STATUS=CONVERGED      71 CALLS          72 TOTAL
                     EDM=2.88024e-07    STRATEGY= 1      ERROR MATRIX ACCURATE 
  EXT PARAMETER                                   STEP         FIRST   
  NO.   NAME      VALUE            ERROR          SIZE      DERIVATIVE 
   1  Constant     9.00442e+01   2.28740e+00   7.01336e-03  -8.08345e-05
   2  Mean         9.75748e-01   5.63445e-03   1.18377e-05   6.54137e-03
   3  Sigma        1.18758e-01   4.06033e-03   2.65122e-05   4.69908e-02
mean of ch2Risetime = 1.51369848838
fit mean of ch2Risetime = 0.975747731993
fit sigma of ch2Risetime = 0.118758166051
timing resolution for x = 6.0
 FCN=107.115 FROM MIGRAD    STATUS=CONVERGED      80 CALLS          81 TOTAL
                     EDM=2.98628e-08    STRATEGY= 1      ERROR MATRIX ACCURATE 
  EXT PARAMETER                                   STEP         FIRST   
  NO.   NAME      VALUE            ERROR          SIZE      DERIVATIVE 
   1  Constant     1.66967e+02   3.57506e+00   1.29166e-02   4.54330e-05
   2  Mean         4.17007e+01   1.71420e-03   1.98844e-05   7.10560e-02
   3  Sigma        9.07145e-02   2.07498e-03   3.09551e-05   3.50861e-02
mean of delta T = 41.7074850401
fit mean of delta T = 41.700683705
std dev of delta T = 0.106063060961
fit sigma of delta T = 0.0907144906688
 FCN=111.366 FROM MIGRAD    STATUS=CONVERGED      81 CALLS          82 TOTAL
                     EDM=4.03806e-10    STRATEGY= 1      ERROR MATRIX ACCURATE 
  EXT PARAMETER                                   STEP         FIRST   
  NO.   NAME      VALUE            ERROR          SIZE      DERIVATIVE 
   1  Constant     1.61609e+02   3.45335e+00   1.28314e-02   1.10396e-05
   2  Mean         4.19459e+01   1.82974e-03   2.00014e-05   5.31918e-03
   3  Sigma        9.38167e-02   2.21966e-03   3.31870e-05   2.61172e-03
mean of delta T = 41.9534462892
fit mean of delta T = 41.9459328818
std dev of delta T = 0.109211873122
fit sigma of delta T = 0.0938167246695
 FCN=50.5073 FROM MIGRAD    STATUS=CONVERGED      77 CALLS          78 TOTAL
                     EDM=1.63871e-08    STRATEGY= 1      ERROR MATRIX ACCURATE 
  EXT PARAMETER                                   STEP         FIRST   
  NO.   NAME      VALUE            ERROR          SIZE      DERIVATIVE 
   1  Constant     2.02660e+02   4.40349e+00   1.11802e-02   4.30218e-05
   2  Mean         4.18589e+01   1.47488e-03   1.99599e-05  -1.75852e-02
   3  Sigma        7.13098e-02   1.72539e-03   2.24724e-05   2.77228e-02
mean of delta T = 41.811204513
fit mean of delta T = 41.8588923432
std dev of delta T = 0.171992028752
fit sigma of delta T = 0.0713098461165
 FCN=39.2407 FROM MIGRAD    STATUS=CONVERGED      78 CALLS          79 TOTAL
                     EDM=3.64989e-09    STRATEGY= 1      ERROR MATRIX ACCURATE 
  EXT PARAMETER                                   STEP         FIRST   
  NO.   NAME      VALUE            ERROR          SIZE      DERIVATIVE 
   1  Constant     1.97625e+02   4.31299e+00   9.68124e-03  -1.58079e-05
   2  Mean         4.19029e+01   1.42158e-03   1.99808e-05   5.07005e-02
   3  Sigma        7.14825e-02   1.68759e-03   1.99661e-05  -4.35536e-03
mean of delta T = 41.8571916072
fit mean of delta T = 41.9028748076
std dev of delta T = 0.174162620258
fit sigma of delta T = 0.0714824776047
 FCN=15.8915 FROM MIGRAD    STATUS=CONVERGED      78 CALLS          79 TOTAL
                     EDM=2.06705e-08    STRATEGY= 1      ERROR MATRIX ACCURATE 
  EXT PARAMETER                                   STEP         FIRST   
  NO.   NAME      VALUE            ERROR          SIZE      DERIVATIVE 
   1  Constant     4.03275e+02   8.34453e+00   1.22673e-02  -1.41434e-05
   2  Mean         1.47068e-02   1.52239e-05   3.02451e-08  -1.26042e+00
   3  Sigma        7.43210e-04   1.88452e-05   1.45503e-05   1.01065e-02
mean of ch2Amp = 0.0147578434798
fit mean of ch2Amp = 0.014706849902
fit sigma of ch2Amp = 0.000743209947962
 FCN=27.2187 FROM MIGRAD    STATUS=CONVERGED      62 CALLS          63 TOTAL
                     EDM=2.38579e-08    STRATEGY= 1  ERROR MATRIX UNCERTAINTY   2.7 per cent
  EXT PARAMETER                                   STEP         FIRST   
  NO.   NAME      VALUE            ERROR          SIZE      DERIVATIVE 
   1  Constant     1.26306e+02   2.92259e+00   1.60357e-03  -1.11538e-05
   2  Mean         9.44420e-01   4.06819e-03   8.39782e-06   1.98233e-02
   3  Sigma        1.02097e-01   3.31405e-03   2.66320e-05  -2.82802e-02
mean of ch2Risetime = 1.27992690756
fit mean of ch2Risetime = 0.944419509526
fit sigma of ch2Risetime = 0.102097388939
timing resolution for x = 7.0
 FCN=131.111 FROM MIGRAD    STATUS=CONVERGED      80 CALLS          81 TOTAL
                     EDM=7.94726e-09    STRATEGY= 1      ERROR MATRIX ACCURATE 
  EXT PARAMETER                                   STEP         FIRST   
  NO.   NAME      VALUE            ERROR          SIZE      DERIVATIVE 
   1  Constant     1.65699e+02   3.58389e+00   1.42315e-02  -4.24000e-05
   2  Mean         4.16908e+01   1.79987e-03   1.98797e-05  -1.78677e-02
   3  Sigma        9.19957e-02   2.21657e-03   3.56143e-05  -5.27489e-03
mean of delta T = 41.7007269241
fit mean of delta T = 41.6907827875
std dev of delta T = 0.10816590309
fit sigma of delta T = 0.0919956817441
 FCN=79.6073 FROM MIGRAD    STATUS=CONVERGED      65 CALLS          66 TOTAL
                     EDM=5.4566e-08    STRATEGY= 1  ERROR MATRIX UNCERTAINTY   2.3 per cent
  EXT PARAMETER                                   STEP         FIRST   
  NO.   NAME      VALUE            ERROR          SIZE      DERIVATIVE 
   1  Constant     1.64413e+02   3.48938e+00  -2.29392e-03   7.86252e-05
   2  Mean         4.19484e+01   1.85029e-03  -6.90226e-06   1.76111e-01
   3  Sigma        9.26993e-02   2.24504e-03  -1.63802e-05   5.58153e-02
mean of delta T = 41.9587803793
fit mean of delta T = 41.9483526116
std dev of delta T = 0.110776008115
fit sigma of delta T = 0.0926993164604
 FCN=50.7576 FROM MIGRAD    STATUS=CONVERGED      81 CALLS          82 TOTAL
                     EDM=1.11055e-09    STRATEGY= 1      ERROR MATRIX ACCURATE 
  EXT PARAMETER                                   STEP         FIRST   
  NO.   NAME      VALUE            ERROR          SIZE      DERIVATIVE 
   1  Constant     2.06236e+02   4.38515e+00   1.13387e-02   1.18475e-05
   2  Mean         4.18503e+01   1.35030e-03   1.99558e-05  -2.95435e-03
   3  Sigma        6.94590e-02   1.52312e-03   2.11297e-05   7.66485e-03
mean of delta T = 41.8132092551
fit mean of delta T = 41.8503465274
std dev of delta T = 0.16041924187
fit sigma of delta T = 0.0694589606771
 FCN=48.2306 FROM MIGRAD    STATUS=CONVERGED      78 CALLS          79 TOTAL
                     EDM=3.08344e-09    STRATEGY= 1      ERROR MATRIX ACCURATE 
  EXT PARAMETER                                   STEP         FIRST   
  NO.   NAME      VALUE            ERROR          SIZE      DERIVATIVE 
   1  Constant     1.97242e+02   4.16892e+00   1.05165e-02   7.79207e-06
   2  Mean         4.19066e+01   1.37216e-03   1.99826e-05  -4.26115e-02
   3  Sigma        7.25052e-02   1.52564e-03   1.97326e-05   8.63492e-03
mean of delta T = 41.8704649189
fit mean of delta T = 41.9066387821
std dev of delta T = 0.167445574649
fit sigma of delta T = 0.0725052078102
 FCN=15.9382 FROM MIGRAD    STATUS=CONVERGED      78 CALLS          79 TOTAL
                     EDM=4.96163e-07    STRATEGY= 1      ERROR MATRIX ACCURATE 
  EXT PARAMETER                                   STEP         FIRST   
  NO.   NAME      VALUE            ERROR          SIZE      DERIVATIVE 
   1  Constant     4.03593e+02   8.76575e+00   1.26623e-02  -7.62602e-05
   2  Mean         1.52304e-02   1.50446e-05   2.99526e-08  -3.29377e+00
   3  Sigma        7.05427e-04   1.96137e-05   1.58091e-05   3.65460e-02
mean of ch2Amp = 0.0152734169994
fit mean of ch2Amp = 0.0152303596754
fit sigma of ch2Amp = 0.00070542709562
 FCN=37.2079 FROM MIGRAD    STATUS=CONVERGED      78 CALLS          79 TOTAL
                     EDM=6.13113e-09    STRATEGY= 1      ERROR MATRIX ACCURATE 
  EXT PARAMETER                                   STEP         FIRST   
  NO.   NAME      VALUE            ERROR          SIZE      DERIVATIVE 
   1  Constant     1.35143e+02   3.07905e+00   7.58364e-03  -1.97600e-05
   2  Mean         9.49424e-01   3.35874e-03   7.13653e-06  -1.40563e-02
   3  Sigma        1.00440e-01   2.72944e-03   1.93342e-05   8.18971e-03
mean of ch2Risetime = 1.24026745779
fit mean of ch2Risetime = 0.94942388965
fit sigma of ch2Risetime = 0.100440452316
timing resolution for x = 8.0
 FCN=86.7624 FROM MIGRAD    STATUS=CONVERGED      79 CALLS          80 TOTAL
                     EDM=2.81784e-08    STRATEGY= 1      ERROR MATRIX ACCURATE 
  EXT PARAMETER                                   STEP         FIRST   
  NO.   NAME      VALUE            ERROR          SIZE      DERIVATIVE 
   1  Constant     1.61246e+02   3.36728e+00   1.11380e-02   3.08278e-05
   2  Mean         4.17029e+01   1.80242e-03   1.98855e-05   8.96704e-02
   3  Sigma        9.56904e-02   2.08823e-03   2.66105e-05   3.24077e-02
mean of delta T = 41.7111215615
fit mean of delta T = 41.7028948221
std dev of delta T = 0.111102958449
fit sigma of delta T = 0.0956903660908
 FCN=76.7466 FROM MIGRAD    STATUS=CONVERGED      75 CALLS          76 TOTAL
                     EDM=1.51455e-08    STRATEGY= 1      ERROR MATRIX ACCURATE 
  EXT PARAMETER                                   STEP         FIRST   
  NO.   NAME      VALUE            ERROR          SIZE      DERIVATIVE 
   1  Constant     1.59528e+02   3.31509e+00   1.03562e-02  -2.05007e-05
   2  Mean         4.19474e+01   1.73878e-03   2.00021e-05   5.91434e-02
   3  Sigma        9.54424e-02   1.97558e-03   2.38205e-05   1.13418e-02
mean of delta T = 41.9552527834
fit mean of delta T = 41.947383728
std dev of delta T = 0.1135567801
fit sigma of delta T = 0.0954423734373
 FCN=51.7526 FROM MIGRAD    STATUS=CONVERGED      78 CALLS          79 TOTAL
                     EDM=1.74293e-07    STRATEGY= 1      ERROR MATRIX ACCURATE 
  EXT PARAMETER                                   STEP         FIRST   
  NO.   NAME      VALUE            ERROR          SIZE      DERIVATIVE 
   1  Constant     1.99581e+02   4.33336e+00   1.12214e-02   7.64212e-05
   2  Mean         4.18575e+01   1.44147e-03   1.99592e-05  -3.17417e-01
   3  Sigma        7.11576e-02   1.71355e-03   2.37874e-05   5.98252e-02
mean of delta T = 41.8093894513
fit mean of delta T = 41.8575296408
std dev of delta T = 0.176639897625
fit sigma of delta T = 0.0711576059105
 FCN=84.0085 FROM MIGRAD    STATUS=CONVERGED      82 CALLS          83 TOTAL
                     EDM=1.11233e-09    STRATEGY= 1      ERROR MATRIX ACCURATE 
  EXT PARAMETER                                   STEP         FIRST   
  NO.   NAME      VALUE            ERROR          SIZE      DERIVATIVE 
   1  Constant     1.88642e+02   3.99363e+00   1.32276e-02   1.10156e-05
   2  Mean         4.18996e+01   1.48624e-03   1.99793e-05   2.67336e-03
   3  Sigma        7.66003e-02   1.64858e-03   2.59827e-05   7.80074e-03
mean of delta T = 41.8535446376
fit mean of delta T = 41.8995853799
std dev of delta T = 0.178372163946
fit sigma of delta T = 0.0766002801182
 FCN=13.0615 FROM MIGRAD    STATUS=CONVERGED      78 CALLS          79 TOTAL
                     EDM=3.12382e-08    STRATEGY= 1      ERROR MATRIX ACCURATE 
  EXT PARAMETER                                   STEP         FIRST   
  NO.   NAME      VALUE            ERROR          SIZE      DERIVATIVE 
   1  Constant     4.20151e+02   8.92103e+00   1.18433e-02  -1.43284e-05
   2  Mean         1.46147e-02   1.45186e-05   2.60177e-08  -2.43658e+00
   3  Sigma        6.91558e-04   1.82279e-05   1.35358e-05   1.31198e-02
mean of ch2Amp = 0.0146797643398
fit mean of ch2Amp = 0.0146146631134
fit sigma of ch2Amp = 0.000691558072272
 FCN=35.7733 FROM MIGRAD    STATUS=CONVERGED      72 CALLS          73 TOTAL
                     EDM=1.65444e-10    STRATEGY= 1  ERROR MATRIX UNCERTAINTY   3.7 per cent
  EXT PARAMETER                                   STEP         FIRST   
  NO.   NAME      VALUE            ERROR          SIZE      DERIVATIVE 
   1  Constant     1.25227e+02   3.24955e+00  -1.69161e-03   2.17974e-06
   2  Mean         9.41469e-01   5.60201e-03   4.46646e-06  -8.84364e-03
   3  Sigma        9.24909e-02   3.88115e-03   1.67268e-05   2.55589e-03
mean of ch2Risetime = 1.29943873641
fit mean of ch2Risetime = 0.941469381608
fit sigma of ch2Risetime = 0.0924909046165
timing resolution for x = 9.0
 FCN=59.0151 FROM MIGRAD    STATUS=CONVERGED      64 CALLS          65 TOTAL
                     EDM=4.17349e-08    STRATEGY= 1  ERROR MATRIX UNCERTAINTY   3.7 per cent
  EXT PARAMETER                                   STEP         FIRST   
  NO.   NAME      VALUE            ERROR          SIZE      DERIVATIVE 
   1  Constant     1.36301e+02   2.77273e+00  -6.30209e-03  -2.54313e-05
   2  Mean         4.17420e+01   2.46538e-03  -2.65150e-06  -4.58233e-02
   3  Sigma        1.17504e-01   2.92769e-03  -9.32792e-06   3.02189e-02
mean of delta T = 41.7417350176
fit mean of delta T = 41.7419608034
std dev of delta T = 0.14130982463
fit sigma of delta T = 0.117504307732
 FCN=79.191 FROM MIGRAD    STATUS=CONVERGED      65 CALLS          66 TOTAL
                     EDM=3.39763e-08    STRATEGY= 1  ERROR MATRIX UNCERTAINTY   2.4 per cent
  EXT PARAMETER                                   STEP         FIRST   
  NO.   NAME      VALUE            ERROR          SIZE      DERIVATIVE 
   1  Constant     1.34734e+02   2.74229e+00  -1.50065e-03   5.40017e-05
   2  Mean         4.19518e+01   2.22150e-03  -8.56883e-06   1.39687e-01
   3  Sigma        1.15024e-01   2.53583e-03  -8.23095e-06   2.56459e-02
mean of delta T = 41.9479442373
fit mean of delta T = 41.9517785446
std dev of delta T = 0.144052557083
fit sigma of delta T = 0.115023572561
 FCN=98.2566 FROM MIGRAD    STATUS=CONVERGED      82 CALLS          83 TOTAL
                     EDM=4.49661e-09    STRATEGY= 1      ERROR MATRIX ACCURATE 
  EXT PARAMETER                                   STEP         FIRST   
  NO.   NAME      VALUE            ERROR          SIZE      DERIVATIVE 
   1  Constant     1.62193e+02   3.70636e+00   1.27644e-02   1.86654e-05
   2  Mean         4.18625e+01   1.70721e-03   1.99616e-05  -1.76803e-03
   3  Sigma        8.35739e-02   2.08424e-03   3.18244e-05   1.38956e-02
mean of delta T = 41.7785400513
fit mean of delta T = 41.8624882247
std dev of delta T = 0.239108904834
fit sigma of delta T = 0.0835738688219
 FCN=89.7937 FROM MIGRAD    STATUS=CONVERGED      78 CALLS          79 TOTAL
                     EDM=1.45062e-10    STRATEGY= 1      ERROR MATRIX ACCURATE 
  EXT PARAMETER                                   STEP         FIRST   
  NO.   NAME      VALUE            ERROR          SIZE      DERIVATIVE 
   1  Constant     1.61814e+02   3.62910e+00   1.21661e-02   9.74670e-07
   2  Mean         4.18668e+01   1.59719e-03   1.99637e-05   3.61484e-03
   3  Sigma        8.19350e-02   1.83312e-03   2.76059e-05   2.21324e-03
mean of delta T = 41.784817745
fit mean of delta T = 41.8668480848
std dev of delta T = 0.240605353249
fit sigma of delta T = 0.0819350396435
 FCN=22.2405 FROM MIGRAD    STATUS=CONVERGED      78 CALLS          79 TOTAL
                     EDM=6.61731e-08    STRATEGY= 1      ERROR MATRIX ACCURATE 
  EXT PARAMETER                                   STEP         FIRST   
  NO.   NAME      VALUE            ERROR          SIZE      DERIVATIVE 
   1  Constant     4.32041e+02   8.96877e+00   1.54181e-02  -3.04581e-05
   2  Mean         1.30170e-02   1.40403e-05   3.29600e-08   2.54333e+00
   3  Sigma        6.91573e-04   1.75177e-05   1.70683e-05   1.17930e-02
mean of ch2Amp = 0.0130618963952
fit mean of ch2Amp = 0.0130170177271
fit sigma of ch2Amp = 0.000691573265067
 FCN=47.2191 FROM MIGRAD    STATUS=CONVERGED      71 CALLS          72 TOTAL
                     EDM=1.18399e-07    STRATEGY= 1      ERROR MATRIX ACCURATE 
  EXT PARAMETER                                   STEP         FIRST   
  NO.   NAME      VALUE            ERROR          SIZE      DERIVATIVE 
   1  Constant     8.35408e+01   2.25398e+00   6.30363e-03  -1.10305e-04
   2  Mean         9.66617e-01   4.73627e-03   1.09472e-05  -3.09073e-02
   3  Sigma        1.14081e-01   3.73391e-03   2.57032e-05  -3.41931e-02
mean of ch2Risetime = 1.55183425553
fit mean of ch2Risetime = 0.966616585268
fit sigma of ch2Risetime = 0.114080885659
timing resolution for x = 10.0
 FCN=51.3344 FROM MIGRAD    STATUS=CONVERGED      79 CALLS          80 TOTAL
                     EDM=2.50033e-08    STRATEGY= 1      ERROR MATRIX ACCURATE 
  EXT PARAMETER                                   STEP         FIRST   
  NO.   NAME      VALUE            ERROR          SIZE      DERIVATIVE 
   1  Constant     1.15911e+02   2.46113e+00   6.34808e-03  -6.67877e-05
   2  Mean         4.17990e+01   2.63462e-03   1.99313e-05  -5.99767e-03
   3  Sigma        1.29609e-01   3.20396e-03   2.45405e-05   7.80044e-03
mean of delta T = 41.7678886698
fit mean of delta T = 41.7990155321
std dev of delta T = 0.213077858914
fit sigma of delta T = 0.129609476569
 FCN=75.5338 FROM MIGRAD    STATUS=CONVERGED      71 CALLS          72 TOTAL
                     EDM=4.41535e-07    STRATEGY= 1      ERROR MATRIX ACCURATE 
  EXT PARAMETER                                   STEP         FIRST   
  NO.   NAME      VALUE            ERROR          SIZE      DERIVATIVE 
   1  Constant     1.14909e+02   2.36768e+00   7.56498e-03   2.53239e-04
   2  Mean         4.19577e+01   2.37211e-03   2.00070e-05   3.05964e-01
   3  Sigma        1.26777e-01   2.55368e-03   2.38238e-05   1.10870e-01
mean of delta T = 41.9277021252
fit mean of delta T = 41.957707472
std dev of delta T = 0.213711839414
fit sigma of delta T = 0.126776758486
 FCN=100.342 FROM MIGRAD    STATUS=CONVERGED      77 CALLS          78 TOTAL
                     EDM=7.92375e-09    STRATEGY= 1      ERROR MATRIX ACCURATE 
  EXT PARAMETER                                   STEP         FIRST   
  NO.   NAME      VALUE            ERROR          SIZE      DERIVATIVE 
   1  Constant     1.13647e+02   2.73228e+00   9.67358e-03   3.35975e-05
   2  Mean         4.18677e+01   2.34589e-03   1.99641e-05  -2.86339e-03
   3  Sigma        1.05087e-01   2.80493e-03   3.50545e-05   1.70160e-02
mean of delta T = 41.6879735525
fit mean of delta T = 41.8677328972
std dev of delta T = 0.380894977929
fit sigma of delta T = 0.105086686758
 FCN=124.218 FROM MIGRAD    STATUS=CONVERGED      81 CALLS          82 TOTAL
                     EDM=3.08494e-11    STRATEGY= 1      ERROR MATRIX ACCURATE 
  EXT PARAMETER                                   STEP         FIRST   
  NO.   NAME      VALUE            ERROR          SIZE      DERIVATIVE 
   1  Constant     1.09671e+02   2.58353e+00   1.01465e-02  -1.30780e-06
   2  Mean         4.18209e+01   2.16616e-03   1.99418e-05  -2.73956e-03
   3  Sigma        1.08806e-01   2.42856e-03   3.17117e-05   2.31054e-04
mean of delta T = 41.6505287333
fit mean of delta T = 41.8209408395
std dev of delta T = 0.376868687768
fit sigma of delta T = 0.108805845701
 FCN=8.13544 FROM MIGRAD    STATUS=CONVERGED      78 CALLS          79 TOTAL
                     EDM=1.07786e-07    STRATEGY= 1      ERROR MATRIX ACCURATE 
  EXT PARAMETER                                   STEP         FIRST   
  NO.   NAME      VALUE            ERROR          SIZE      DERIVATIVE 
   1  Constant     4.78451e+02   1.02894e+01   1.09385e-02  -3.29325e-05
   2  Mean         1.10454e-02   1.28647e-05   1.86530e-08   1.62694e+00
   3  Sigma        6.03551e-04   1.65946e-05   1.14195e-05   1.49455e-02
mean of ch2Amp = 0.0111011635259
fit mean of ch2Amp = 0.0110454462493
fit sigma of ch2Amp = 0.000603551418031
 FCN=49.3527 FROM MIGRAD    STATUS=CONVERGED      63 CALLS          64 TOTAL
                     EDM=1.17534e-07    STRATEGY= 1  ERROR MATRIX UNCERTAINTY   3.0 per cent
  EXT PARAMETER                                   STEP         FIRST   
  NO.   NAME      VALUE            ERROR          SIZE      DERIVATIVE 
   1  Constant     4.60435e+01   1.54049e+00   8.81236e-03   3.39032e-04
   2  Mean         1.02883e+00   8.52149e-03  -2.42100e-05   5.89645e-03
   3  Sigma        1.42252e-01   6.70539e-03  -8.57709e-05   3.31437e-02
mean of ch2Risetime = 1.93837371904
fit mean of ch2Risetime = 1.02883314907
fit sigma of ch2Risetime = 0.142252039904
timing resolution for x = 11.0
 FCN=48.5157 FROM MIGRAD    STATUS=CONVERGED      71 CALLS          72 TOTAL
                     EDM=8.30281e-08    STRATEGY= 1      ERROR MATRIX ACCURATE 
  EXT PARAMETER                                   STEP         FIRST   
  NO.   NAME      VALUE            ERROR          SIZE      DERIVATIVE 
   1  Constant     1.06203e+02   2.21322e+00   5.75797e-03   5.59531e-05
   2  Mean         4.18442e+01   2.48246e-03   1.99529e-05  -8.79019e-02
   3  Sigma        1.29823e-01   2.53629e-03   1.84877e-05   6.29290e-02
mean of delta T = 41.7856855885
fit mean of delta T = 41.8442086988
std dev of delta T = 0.269452281731
fit sigma of delta T = 0.129823122387
 FCN=76.1495 FROM MIGRAD    STATUS=CONVERGED      76 CALLS          77 TOTAL
                     EDM=2.2304e-11    STRATEGY= 1      ERROR MATRIX ACCURATE 
  EXT PARAMETER                                   STEP         FIRST   
  NO.   NAME      VALUE            ERROR          SIZE      DERIVATIVE 
   1  Constant     1.03706e+02   2.17013e+00   7.04021e-03  -3.89377e-06
   2  Mean         4.19730e+01   2.56577e-03   2.00143e-05   8.13666e-05
   3  Sigma        1.32749e-01   2.64205e-03   2.34386e-05  -9.98869e-04
mean of delta T = 41.9152746714
fit mean of delta T = 41.9729769695
std dev of delta T = 0.270120487416
fit sigma of delta T = 0.132749317069
 FCN=253.326 FROM MIGRAD    STATUS=CONVERGED      91 CALLS          92 TOTAL
                     EDM=9.50782e-07    STRATEGY= 1      ERROR MATRIX ACCURATE 
  EXT PARAMETER                                   STEP         FIRST   
  NO.   NAME      VALUE            ERROR          SIZE      DERIVATIVE 
   1  Constant     7.23579e+01   1.71748e+00   9.93621e-03   4.13275e-04
   2  Mean         4.18940e+01   8.08373e-03   3.32917e-05  -2.26530e-01
   3  Sigma        1.93378e-01   7.71559e-03   5.75039e-05   5.11924e-02
mean of delta T = 41.623440702
fit mean of delta T = 41.8940343316
std dev of delta T = 0.440513211146
fit sigma of delta T = 0.193377861631
 FCN=484.137 FROM MIGRAD    STATUS=CONVERGED      90 CALLS          91 TOTAL
                     EDM=6.90811e-07    STRATEGY= 1      ERROR MATRIX ACCURATE 
  EXT PARAMETER                                   STEP         FIRST   
  NO.   NAME      VALUE            ERROR          SIZE      DERIVATIVE 
   1  Constant     6.58934e+01   2.06364e+00   1.24064e-02  -6.14862e-04
   2  Mean         4.17952e+01   5.72920e-03   4.38641e-05  -9.74965e-02
   3  Sigma        1.93034e-01   8.67848e-03   7.83157e-05  -7.85547e-02
mean of delta T = 41.5587356032
fit mean of delta T = 41.7952499302
std dev of delta T = 0.432013100879
fit sigma of delta T = 0.193033531463
 FCN=15.8419 FROM MIGRAD    STATUS=CONVERGED      70 CALLS          71 TOTAL
                     EDM=1.72799e-06    STRATEGY= 1      ERROR MATRIX ACCURATE 
  EXT PARAMETER                                   STEP         FIRST   
  NO.   NAME      VALUE            ERROR          SIZE      DERIVATIVE 
   1  Constant     5.46301e+02   1.21422e+01   1.72469e-02   3.18871e-05
   2  Mean         9.75342e-03   1.12483e-05   2.24983e-08  -1.61001e+02
   3  Sigma        5.17469e-04   1.54683e-05   1.69344e-05  -3.34533e-04
mean of ch2Amp = 0.00981133834022
fit mean of ch2Amp = 0.00975341860568
fit sigma of ch2Amp = 0.000517469113949
 FCN=58.9749 FROM MIGRAD    STATUS=CONVERGED      77 CALLS          78 TOTAL
                     EDM=2.06215e-07    STRATEGY= 1      ERROR MATRIX ACCURATE 
  EXT PARAMETER                                   STEP         FIRST   
  NO.   NAME      VALUE            ERROR          SIZE      DERIVATIVE 
   1  Constant     2.97789e+01   1.28125e+00   3.71240e-03  -1.09507e-04
   2  Mean         1.04804e+00   8.55184e-03   2.29628e-05  -3.20056e-02
   3  Sigma        1.44665e-01   8.04678e-03   4.74899e-05   3.20733e-02
mean of ch2Risetime = 2.2273402619
fit mean of ch2Risetime = 1.04804420717
fit sigma of ch2Risetime = 0.144665426126
timing resolution for x = 12.0
 FCN=50.3283 FROM MIGRAD    STATUS=CONVERGED      72 CALLS          73 TOTAL
                     EDM=2.22328e-07    STRATEGY= 1      ERROR MATRIX ACCURATE 
  EXT PARAMETER                                   STEP         FIRST   
  NO.   NAME      VALUE            ERROR          SIZE      DERIVATIVE 
   1  Constant     9.67013e+01   2.06036e+00   5.38555e-03   1.63320e-04
   2  Mean         4.18677e+01   2.70347e-03   1.99641e-05  -2.03063e-01
   3  Sigma        1.40650e-01   2.89257e-03   1.98001e-05   7.37047e-02
mean of delta T = 41.7971315514
fit mean of delta T = 41.8676524021
std dev of delta T = 0.304600186323
fit sigma of delta T = 0.140650182466
 FCN=50.2078 FROM MIGRAD    STATUS=CONVERGED      73 CALLS          74 TOTAL
                     EDM=2.91464e-10    STRATEGY= 1      ERROR MATRIX ACCURATE 
  EXT PARAMETER                                   STEP         FIRST   
  NO.   NAME      VALUE            ERROR          SIZE      DERIVATIVE 
   1  Constant     9.48216e+01   2.05669e+00   5.32055e-03  -1.32650e-05
   2  Mean         4.19895e+01   2.85396e-03   2.00221e-05  -3.20122e-03
   3  Sigma        1.43210e-01   3.21066e-03   2.17700e-05  -1.03409e-03
mean of delta T = 41.9172908162
fit mean of delta T = 41.9894529348
std dev of delta T = 0.305545891342
fit sigma of delta T = 0.143209623458
 FCN=264.164 FROM MIGRAD    STATUS=CONVERGED      73 CALLS          74 TOTAL
                     EDM=6.34301e-09    STRATEGY= 1  ERROR MATRIX UNCERTAINTY   2.4 per cent
  EXT PARAMETER                                   STEP         FIRST   
  NO.   NAME      VALUE            ERROR          SIZE      DERIVATIVE 
   1  Constant     6.35092e+01   1.59779e+00   2.09516e-04   7.74411e-05
   2  Mean         4.18755e+01   6.13647e-03   7.30326e-06  -2.85060e-02
   3  Sigma        1.99604e-01   7.09956e-03  -2.05178e-05   1.79502e-02
mean of delta T = 41.6210286187
fit mean of delta T = 41.8754558848
std dev of delta T = 0.455191148898
fit sigma of delta T = 0.199604144369
 FCN=364.168 FROM MIGRAD    STATUS=CONVERGED      91 CALLS          92 TOTAL
                     EDM=4.40715e-10    STRATEGY= 1      ERROR MATRIX ACCURATE 
  EXT PARAMETER                                   STEP         FIRST   
  NO.   NAME      VALUE            ERROR          SIZE      DERIVATIVE 
   1  Constant     6.10583e+01   1.66165e+00   1.01081e-02  -9.48091e-06
   2  Mean         4.17777e+01   4.79167e-03   3.98691e-05  -3.30440e-04
   3  Sigma        1.94996e-01   6.54581e-03   7.10381e-05  -3.07742e-03
mean of delta T = 41.5495316028
fit mean of delta T = 41.7777305326
std dev of delta T = 0.442481803308
fit sigma of delta T = 0.194996255163
 FCN=14.3362 FROM MIGRAD    STATUS=CONVERGED      78 CALLS          79 TOTAL
                     EDM=2.90905e-09    STRATEGY= 1      ERROR MATRIX ACCURATE 
  EXT PARAMETER                                   STEP         FIRST   
  NO.   NAME      VALUE            ERROR          SIZE      DERIVATIVE 
   1  Constant     5.40521e+02   1.13365e+01   1.59262e-02  -5.11193e-06
   2  Mean         9.35542e-03   1.06770e-05   2.03980e-08   1.01516e+00
   3  Sigma        5.28290e-04   1.29144e-05   1.33210e-05   2.45534e-03
mean of ch2Amp = 0.00940888976448
fit mean of ch2Amp = 0.00935541662571
fit sigma of ch2Amp = 0.000528289966762
 FCN=43.7493 FROM MIGRAD    STATUS=CONVERGED      60 CALLS          61 TOTAL
                     EDM=3.28529e-11    STRATEGY= 1  ERROR MATRIX UNCERTAINTY   2.3 per cent
  EXT PARAMETER                                   STEP         FIRST   
  NO.   NAME      VALUE            ERROR          SIZE      DERIVATIVE 
   1  Constant     2.37669e+01   1.06214e+00   1.11780e-03   1.11484e-05
   2  Mean         1.03924e+00   1.00015e-02  -1.91111e-06  -8.53132e-04
   3  Sigma        1.51784e-01   8.20597e-03  -8.59068e-06   4.20660e-04
mean of ch2Risetime = 2.31503458473
fit mean of ch2Risetime = 1.03924004629
fit sigma of ch2Risetime = 0.15178374143
timing resolution for x = 13.0
 FCN=54.8289 FROM MIGRAD    STATUS=CONVERGED      72 CALLS          73 TOTAL
                     EDM=1.22898e-06    STRATEGY= 1      ERROR MATRIX ACCURATE 
  EXT PARAMETER                                   STEP         FIRST   
  NO.   NAME      VALUE            ERROR          SIZE      DERIVATIVE 
   1  Constant     1.00864e+02   2.16127e+00   5.86652e-03   5.09335e-04
   2  Mean         4.18632e+01   2.65267e-03   1.99619e-05  -4.18345e-01
   3  Sigma        1.35698e-01   2.91636e-03   2.17169e-05   1.94689e-01
mean of delta T = 41.7978757622
fit mean of delta T = 41.8631734766
std dev of delta T = 0.283536087975
fit sigma of delta T = 0.135698011132
 FCN=80.75 FROM MIGRAD    STATUS=CONVERGED      71 CALLS          72 TOTAL
                     EDM=4.74337e-08    STRATEGY= 1      ERROR MATRIX ACCURATE 
  EXT PARAMETER                                   STEP         FIRST   
  NO.   NAME      VALUE            ERROR          SIZE      DERIVATIVE 
   1  Constant     9.82228e+01   2.04927e+00   6.80548e-03  -1.75015e-04
   2  Mean         4.19891e+01   2.57397e-03   2.00219e-05  -4.97860e-02
   3  Sigma        1.39508e-01   2.57400e-03   2.17285e-05  -2.46762e-02
mean of delta T = 41.9257243569
fit mean of delta T = 41.9890501244
std dev of delta T = 0.285685776046
fit sigma of delta T = 0.139508477162
 FCN=402.128 FROM MIGRAD    STATUS=CONVERGED      91 CALLS          92 TOTAL
                     EDM=1.88124e-08    STRATEGY= 1      ERROR MATRIX ACCURATE 
  EXT PARAMETER                                   STEP         FIRST   
  NO.   NAME      VALUE            ERROR          SIZE      DERIVATIVE 
   1  Constant     6.23191e+01   1.59738e+00   1.07552e-02  -3.17903e-05
   2  Mean         4.18817e+01   6.89560e-03   4.54853e-05  -3.39300e-02
   3  Sigma        2.11156e-01   7.94387e-03   7.38062e-05   8.74554e-03
mean of delta T = 41.6305058307
fit mean of delta T = 41.8817482791
std dev of delta T = 0.444679370455
fit sigma of delta T = 0.211156200013
 FCN=257.27 FROM MIGRAD    STATUS=CONVERGED      95 CALLS          96 TOTAL
                     EDM=2.72732e-12    STRATEGY= 1      ERROR MATRIX ACCURATE 
  EXT PARAMETER                                   STEP         FIRST   
  NO.   NAME      VALUE            ERROR          SIZE      DERIVATIVE 
   1  Constant     6.73884e+01   1.62019e+00   9.35117e-03  -1.56385e-06
   2  Mean         4.18177e+01   6.72956e-03   3.47019e-05   1.79536e-04
   3  Sigma        1.95907e-01   6.97996e-03   6.03242e-05  -6.21799e-05
mean of delta T = 41.5648118014
fit mean of delta T = 41.8177456001
std dev of delta T = 0.434157223088
fit sigma of delta T = 0.195906875992
 FCN=4.31498 FROM MIGRAD    STATUS=CONVERGED      78 CALLS          79 TOTAL
                     EDM=2.73745e-07    STRATEGY= 1      ERROR MATRIX ACCURATE 
  EXT PARAMETER                                   STEP         FIRST   
  NO.   NAME      VALUE            ERROR          SIZE      DERIVATIVE 
   1  Constant     5.27933e+02   1.13110e+01   9.14637e-03  -4.85583e-05
   2  Mean         9.64926e-03   1.15398e-05   1.29663e-08   7.34521e+00
   3  Sigma        5.53338e-04   1.51044e-05   8.72103e-06   2.23347e-02
mean of ch2Amp = 0.00972169466283
fit mean of ch2Amp = 0.00964926145015
fit sigma of ch2Amp = 0.00055333801433
 FCN=64.4548 FROM MIGRAD    STATUS=CONVERGED      68 CALLS          69 TOTAL
                     EDM=2.98401e-07    STRATEGY= 1      ERROR MATRIX ACCURATE 
  EXT PARAMETER                                   STEP         FIRST   
  NO.   NAME      VALUE            ERROR          SIZE      DERIVATIVE 
   1  Constant     2.53995e+01   1.04244e+00   3.38392e-03  -3.43770e-04
   2  Mean         1.07216e+00   9.08155e-03   2.56289e-05   1.17803e-01
   3  Sigma        1.57878e-01   6.93685e-03   4.00609e-05  -5.56797e-02
mean of ch2Risetime = 2.26460864368
fit mean of ch2Risetime = 1.0721644126
fit sigma of ch2Risetime = 0.15787774774
timing resolution for x = 14.0
 FCN=4.20839e-05 FROM MIGRAD    STATUS=CONVERGED     216 CALLS         217 TOTAL
                     EDM=7.85975e-07    STRATEGY= 1      ERROR MATRIX ACCURATE 
  EXT PARAMETER                                   STEP         FIRST   
  NO.   NAME      VALUE            ERROR          SIZE      DERIVATIVE 
   1  Constant     1.00549e+00   5.15028e-01   2.45554e-04   2.12465e-03
   2  Mean         4.05396e+01   1.44978e+01   6.01228e-03   4.65805e-06
   3  Sigma        2.84795e+00   1.73452e+00   8.04205e-02  -3.45812e-06
mean of delta T = 40.4826126099
fit mean of delta T = 0.0
std dev of delta T = 0.307083469746
fit sigma of delta T = 0.0
 FCN=3.77009e-05 FROM MIGRAD    STATUS=CONVERGED     179 CALLS         180 TOTAL
                     EDM=7.17572e-07    STRATEGY= 1  ERROR MATRIX UNCERTAINTY   1.3 per cent
  EXT PARAMETER                                   STEP         FIRST   
  NO.   NAME      VALUE            ERROR          SIZE      DERIVATIVE 
   1  Constant     1.00496e+00   5.36271e-01  -1.00727e-03  -1.90392e-03
   2  Mean         4.08939e+01   1.58072e+01  -6.26506e-02   2.60554e-05
   3  Sigma        3.19884e+00   1.65754e+00   1.00875e-01  -1.34880e-05
mean of delta T = 40.8263155313
fit mean of delta T = 0.0
std dev of delta T = 0.305662128264
fit sigma of delta T = 0.0
mean of delta T = 0.0
fit mean of delta T = 0.0
std dev of delta T = 0.0
fit sigma of delta T = 0.0
mean of delta T = 0.0
fit mean of delta T = 0.0
std dev of delta T = 0.0
fit sigma of delta T = 0.0
 FCN=0.193187 FROM HESSE     STATUS=OK             16 CALLS         787 TOTAL
                     EDM=2.74058e-06    STRATEGY= 1      ERROR MATRIX ACCURATE 
  EXT PARAMETER                                   STEP         FIRST   
  NO.   NAME      VALUE            ERROR          SIZE      DERIVATIVE 
   1  Constant     6.49061e+01   1.14726e+03   3.52631e-03  -3.95164e-05
   2  Mean         1.38497e-02   1.17235e-02   3.59940e-08  -3.94762e+00
   3  Sigma        1.83672e-03   1.43860e-03   3.28619e-04  -4.72079e-04
mean of ch2Amp = 0.0189272402786
fit mean of ch2Amp = 0.0
fit sigma of ch2Amp = 0.0
mean of ch2Risetime = 0.0
fit mean of ch2Risetime = 0.0
fit sigma of ch2Risetime = 0.0
x_pos:
[0.0, 1.0, 2.0, 3.0, 4.0, 5.0, 6.0, 7.0, 8.0, 9.0, 10.0, 11.0, 12.0, 13.0, 14.0]
[0.5, 0.5, 0.5, 0.5, 0.5, 0.5, 0.5, 0.5, 0.5, 0.5, 0.5, 0.5, 0.5, 0.5, 0.5]
timeReso:
[0.0, 0.0, 0.122172413067777, 0.12073264682493222, 0.11801482624516227, 0.11237044482842683, 0.09071449066879689, 0.09199568174414138, 0.0956903660907907, 0.11750430773196403, 0.1296094765686063, 0.12982312238708343, 0.14065018246593336, 0.13569801113226135, 0.0]
[12.43749020097551, 7.796090605261791, 0.002276221466184676, 0.0021957583442515152, 0.0024861651781844726, 0.0024839792348237896, 0.0020749830516458984, 0.0022165715821841903, 0.0020882322032520356, 0.0029276906172335387, 0.003203963290342157, 0.0025362875924325456, 0.0028925715176179034, 0.002916363383156012, 1.7345203040654993]
deltaT:
[0.0, 0.0, 41.78704549137998, 41.78473473087766, 41.76779147272109, 41.73789351019279, 41.70068370503898, 41.69078278747714, 41.70289482213159, 41.74196080343015, 41.79901553207512, 41.8442086987516, 41.867652402092254, 41.86317347659363, 0.0]
[0.0, 0.0, 0.0022093284331789155, 0.0021675731797201015, 0.002246076197212143, 0.0021758412904090306, 0.001714200715325439, 0.0017998667743602602, 0.001802418566409052, 0.0024653787924308786, 0.0026346215059635377, 0.00248245591929608, 0.0027034652632758303, 0.0026526675071214113, 0.0]
ch2Amp:
[0.0, 0.0, 0.011437081873468915, 0.011460435653197548, 0.011932774594984374, 0.013276624974759843, 0.014706849901981994, 0.01523035967537482, 0.014614663113351986, 0.013017017727138867, 0.01104544624932352, 0.009753418605684537, 0.009355416625708626, 0.00964926145014573, 0.0]
[0.0, 0.0, 1.2929229663685182e-05, 1.3429141416306457e-05, 1.1982840016454634e-05, 1.4688142862434362e-05, 1.5223861593435808e-05, 1.5044607234266598e-05, 1.4518634543021808e-05, 1.4040282907941886e-05, 1.2864673164732904e-05, 1.1248344381934553e-05, 1.0677026209322918e-05, 1.1539847559450775e-05, 0.0]
ch2Risetime:
[0.0, 0.0, 0.9840058126455719, 1.0260034917647642, 0.9751806964152836, 0.9757477319930105, 0.944419509525562, 0.9494238896503229, 0.9414693816077996, 0.9666165852677718, 1.028833149073228, 1.0480442071713063, 1.0392400462900429, 1.0721644126009855, 0.0]
[0.0, 0.0, 0.009846837755520614, 0.012932537289623762, 0.006012045295513578, 0.005634448151585354, 0.004068188472039857, 0.003358736314034307, 0.005602012790779887, 0.004736272938351331, 0.00852149100499959, 0.008551843507391273, 0.010001523568167657, 0.009081553929049139, 0.0]
